2024-02-09 16:24:16,749 [INFO] Activator:176 - 


2024-02-09 16:24:16,753 [INFO] Activator:177 - !SESSION log4j initialized
2024-02-09 16:24:18,870 [INFO] LogOutputStream:77 - [STDOUT_REDIRECT] 
2024-02-09 16:24:20,769 [INFO] ApplicationProperties:184 - Using Application install path: /opt/st/stm32cubeide_1.14.0/plugins/com.st.stm32cube.common.mx_6.10.0.202311202037
2024-02-09 16:24:20,786 [INFO] DbMcusXml:78 - Set database path to: /opt/st/stm32cubeide_1.14.0/plugins/com.st.stm32cube.common.mx_6.10.0.202311202037//db//mcu/
2024-02-09 16:24:20,786 [INFO] ApiDb:274 - Set plugin database path to: /opt/st/stm32cubeide_1.14.0/plugins/com.st.stm32cube.common.mx_6.10.0.202311202037//db//plugins/boardmanager/
2024-02-09 16:24:20,787 [WARN] ApiDb:259 - Overriding images path with different value:  => /opt/st/stm32cubeide_1.14.0/plugins/com.st.stm32cube.common.mx_6.10.0.202311202037//db//plugins/mcufinder/images/
2024-02-09 16:24:20,791 [INFO] ApiDb:250 - Set database path to: /home/om/.stmcufinder/plugins/mcufinder//mcu/
2024-02-09 16:24:20,792 [INFO] DbMcusAds:125 - Set database path to: /home/om/.stmcufinder/plugins/mcufinder//mcu/
2024-02-09 16:24:20,794 [INFO] CrossReferenceDbSqlite:203 - Set database path to: /home/om/.stmcufinder/plugins/mcufinder//mcu/cs/
2024-02-09 16:24:20,912 [INFO] RulesReader:64 - Compatibility file has been processed (297 Rules)
2024-02-09 16:24:20,966 [INFO] DbMcusXml:78 - Set database path to: /opt/st/stm32cubeide_1.14.0/plugins/com.st.stm32cube.common.mx_6.10.0.202311202037//db//mcu/
2024-02-09 16:24:20,967 [INFO] ApiDb:274 - Set plugin database path to: /opt/st/stm32cubeide_1.14.0/plugins/com.st.stm32cube.common.mx_6.10.0.202311202037//db//plugins/boardmanager/
2024-02-09 16:24:20,967 [INFO] ApiDb:261 - Set plugin images path to: /opt/st/stm32cubeide_1.14.0/plugins/com.st.stm32cube.common.mx_6.10.0.202311202037//db//plugins/mcufinder/images/
2024-02-09 16:24:20,967 [WARN] DbFile:41 - Overriding database path with different value: /home/om/.stmcufinder/plugins/mcufinder/ => /home/om/.stmcufinder/plugins/mcufinder
2024-02-09 16:24:20,967 [INFO] ApiDb:250 - Set database path to: /home/om/.stmcufinder/plugins/mcufinder//mcu/
2024-02-09 16:24:20,967 [WARN] DbFile:41 - Overriding database path with different value: /home/om/.stmcufinder/plugins/mcufinder/ => /home/om/.stmcufinder/plugins/mcufinder
2024-02-09 16:24:20,967 [INFO] DbMcusAds:125 - Set database path to: /home/om/.stmcufinder/plugins/mcufinder//mcu/
2024-02-09 16:24:20,967 [WARN] DbFile:41 - Overriding database path with different value: /home/om/.stmcufinder/plugins/mcufinder/ => /home/om/.stmcufinder/plugins/mcufinder
2024-02-09 16:24:20,968 [WARN] DbFile:41 - Overriding database path with different value: /home/om/.stmcufinder/plugins/mcufinder/ => /home/om/.stmcufinder/plugins/mcufinder
2024-02-09 16:24:20,968 [INFO] CrossReferenceDbSqlite:203 - Set database path to: /home/om/.stmcufinder/plugins/mcufinder//mcu/cs/
2024-02-09 16:24:21,022 [INFO] MainPanel:264 - HeapMemory: 268435456
2024-02-09 16:24:21,087 [INFO] DbMcusXml:78 - Set database path to: /opt/st/stm32cubeide_1.14.0/plugins/com.st.stm32cube.common.mx_6.10.0.202311202037//db//mcu/
2024-02-09 16:24:21,087 [INFO] ApiDb:274 - Set plugin database path to: /opt/st/stm32cubeide_1.14.0/plugins/com.st.stm32cube.common.mx_6.10.0.202311202037//db//plugins/boardmanager/
2024-02-09 16:24:21,087 [INFO] ApiDb:261 - Set plugin images path to: /opt/st/stm32cubeide_1.14.0/plugins/com.st.stm32cube.common.mx_6.10.0.202311202037//db//plugins/mcufinder/images/
2024-02-09 16:24:21,087 [WARN] DbFile:41 - Overriding database path with different value: /home/om/.stmcufinder/plugins/mcufinder/ => /home/om/.stmcufinder/plugins/mcufinder
2024-02-09 16:24:21,087 [INFO] ApiDb:250 - Set database path to: /home/om/.stmcufinder/plugins/mcufinder//mcu/
2024-02-09 16:24:21,087 [WARN] DbFile:41 - Overriding database path with different value: /home/om/.stmcufinder/plugins/mcufinder/ => /home/om/.stmcufinder/plugins/mcufinder
2024-02-09 16:24:21,088 [INFO] DbMcusAds:125 - Set database path to: /home/om/.stmcufinder/plugins/mcufinder//mcu/
2024-02-09 16:24:21,088 [WARN] DbFile:41 - Overriding database path with different value: /home/om/.stmcufinder/plugins/mcufinder/ => /home/om/.stmcufinder/plugins/mcufinder
2024-02-09 16:24:21,088 [WARN] DbFile:41 - Overriding database path with different value: /home/om/.stmcufinder/plugins/mcufinder/ => /home/om/.stmcufinder/plugins/mcufinder
2024-02-09 16:24:21,088 [INFO] CrossReferenceDbSqlite:203 - Set database path to: /home/om/.stmcufinder/plugins/mcufinder//mcu/cs/
2024-02-09 16:24:21,101 [INFO] ApplicationProperties:184 - Using Application install path: /opt/st/stm32cubeide_1.14.0/plugins/com.st.stm32cube.common.mx_6.10.0.202311202037
2024-02-09 16:24:21,102 [INFO] PluginManage:196 - Search for loadable plugins [exclusion list=, ]
2024-02-09 16:24:21,103 [INFO] PluginManage:310 - Check plugin analytics
2024-02-09 16:24:21,244 [INFO] AnalyticsPlugin:253 - Accepted Software Licenses: 
2024-02-09 16:24:21,245 [INFO] AnalyticsPlugin:255 - Accepted CMSIS Pack Licenses: 
2024-02-09 16:24:21,245 [INFO] AnalyticsPlugin:257 - Accepted Firmware Licenses: FW.F4.1.28.0,FW.F4.1.27.0
2024-02-09 16:24:21,248 [INFO] PluginManage:359 - Loaded plugin analytics (category:tool,tabindex:-1)
2024-02-09 16:24:21,248 [INFO] PluginManage:310 - Check plugin cadmodel
2024-02-09 16:24:21,268 [INFO] CADModel:105 - Init CAD model plugin
2024-02-09 16:24:21,269 [INFO] PluginManage:359 - Loaded plugin cadmodel (category:power,tabindex:5)
2024-02-09 16:24:21,269 [INFO] PluginManage:310 - Check plugin clock
2024-02-09 16:24:21,276 [INFO] PluginManage:359 - Loaded plugin clock (category:base,tabindex:2)
2024-02-09 16:24:21,276 [INFO] PluginManage:310 - Check plugin ddr
2024-02-09 16:24:21,277 [INFO] PluginManage:359 - Loaded plugin ddr (category:tool,tabindex:6)
2024-02-09 16:24:21,278 [INFO] PluginManage:310 - Check plugin filemanager
2024-02-09 16:24:21,394 [INFO] PluginManage:359 - Loaded plugin filemanager (category:base,tabindex:10)
2024-02-09 16:24:21,394 [INFO] PluginManage:310 - Check plugin ipmanager
2024-02-09 16:24:21,398 [INFO] PluginManage:359 - Loaded plugin ipmanager (category:base,tabindex:5)
2024-02-09 16:24:21,399 [INFO] PluginManage:310 - Check plugin lpbam
2024-02-09 16:24:21,405 [INFO] PluginManage:359 - Loaded plugin lpbam (category:base,tabindex:0)
2024-02-09 16:24:21,405 [INFO] PluginManage:310 - Check plugin memorymap
2024-02-09 16:24:21,413 [INFO] PluginManage:359 - Loaded plugin memorymap (category:base,tabindex:4)
2024-02-09 16:24:21,413 [INFO] PluginManage:310 - Check plugin pinoutandconfiguration
2024-02-09 16:24:21,417 [INFO] PluginManage:359 - Loaded plugin pinoutandconfiguration (category:base,tabindex:1)
2024-02-09 16:24:21,418 [INFO] PluginManage:310 - Check plugin pinoutconfig
2024-02-09 16:24:21,485 [WARN] SupportedApi:132 - Cannot load RTOS API schema: s4s-elt-must-match.1: The content of 'definitions' must match (annotation?, (simpleType | complexType)?, (unique | key | keyref)*)). A problem was found starting at: attribute.
2024-02-09 16:24:21,583 [INFO] PluginManage:359 - Loaded plugin pinoutconfig (category:base,tabindex:0)
2024-02-09 16:24:21,583 [INFO] PluginManage:310 - Check plugin power
2024-02-09 16:24:21,589 [INFO] PluginManage:359 - Loaded plugin power (category:power,tabindex:4)
2024-02-09 16:24:21,589 [INFO] PluginManage:310 - Check plugin projectmanager
2024-02-09 16:24:21,629 [INFO] PluginManage:359 - Loaded plugin projectmanager (category:projectmanager,tabindex:3)
2024-02-09 16:24:21,629 [INFO] PluginManage:310 - Check plugin thirdparty
2024-02-09 16:24:21,756 [INFO] PluginManage:359 - Loaded plugin thirdparty (category:base,tabindex:-1)
2024-02-09 16:24:21,756 [WARN] IntegrityCheckThread:84 - waiting for thirdparty lock release [integrity check]
2024-02-09 16:24:21,757 [INFO] PluginManage:310 - Check plugin tools
2024-02-09 16:24:21,757 [INFO] IntegrityCheckThread:86 - entering critical section [integrity check]
2024-02-09 16:24:21,757 [INFO] ThirdPartyUpdaterWithRetryManager:70 - Updater plugin not ready yet. [1/15]
2024-02-09 16:24:21,758 [INFO] PluginManage:359 - Loaded plugin tools (category:base,tabindex:7)
2024-02-09 16:24:21,759 [INFO] PluginManage:310 - Check plugin tutovideos
2024-02-09 16:24:21,878 [INFO] PluginManage:359 - Loaded plugin tutovideos (category:base,tabindex:-1)
2024-02-09 16:24:21,878 [INFO] PluginManage:310 - Check plugin updater
2024-02-09 16:24:21,885 [INFO] PluginManage:359 - Loaded plugin updater (category:base,tabindex:12)
2024-02-09 16:24:21,886 [INFO] PluginManage:310 - Check plugin userauth
2024-02-09 16:24:21,890 [INFO] UserAuth:114 - Init User Auth plugin
2024-02-09 16:24:21,890 [INFO] PluginManage:359 - Loaded plugin userauth (category:base,tabindex:14)
2024-02-09 16:24:21,890 [INFO] PluginManage:283 - PluginManage : Loaded plugins [17]
2024-02-09 16:24:22,039 [INFO] PinOutPanel:1499 - setPackage(No Configuration,No Configuration)
2024-02-09 16:24:22,089 [INFO] CADModel:165 - CPN selected for project level
2024-02-09 16:24:22,090 [INFO] CADModel:114 - Register for checkConnection events
2024-02-09 16:24:22,098 [INFO] IPUIPlugin:80 - create IPUIPlugin
2024-02-09 16:24:22,098 [INFO] PluginManager:220 - loadIPPluginJar : add gtzc
2024-02-09 16:24:22,101 [INFO] IPUIPlugin:80 - create IPUIPlugin
2024-02-09 16:24:22,101 [INFO] PluginManager:220 - loadIPPluginJar : add lorawan
2024-02-09 16:24:22,103 [INFO] IPUIPlugin:80 - create IPUIPlugin
2024-02-09 16:24:22,103 [INFO] PluginManager:220 - loadIPPluginJar : add quadspi
2024-02-09 16:24:22,105 [INFO] IPUIPlugin:80 - create IPUIPlugin
2024-02-09 16:24:22,105 [INFO] PluginManager:220 - loadIPPluginJar : add i2c
2024-02-09 16:24:22,107 [INFO] IPUIPlugin:80 - create IPUIPlugin
2024-02-09 16:24:22,107 [INFO] PluginManager:220 - loadIPPluginJar : add sai
2024-02-09 16:24:22,108 [INFO] IPUIPlugin:80 - create IPUIPlugin
2024-02-09 16:24:22,108 [INFO] PluginManager:220 - loadIPPluginJar : add tim
2024-02-09 16:24:22,109 [INFO] IPUIPlugin:80 - create IPUIPlugin
2024-02-09 16:24:22,109 [INFO] PluginManager:220 - loadIPPluginJar : add comp
2024-02-09 16:24:22,114 [INFO] IPUIPlugin:80 - create IPUIPlugin
2024-02-09 16:24:22,114 [INFO] PluginManager:220 - loadIPPluginJar : add mdma
2024-02-09 16:24:22,116 [INFO] IPUIPlugin:80 - create IPUIPlugin
2024-02-09 16:24:22,116 [INFO] PluginManager:220 - loadIPPluginJar : add gpio
2024-02-09 16:24:22,120 [INFO] IPUIPlugin:80 - create IPUIPlugin
2024-02-09 16:24:22,120 [INFO] PluginManager:220 - loadIPPluginJar : add freertos
2024-02-09 16:24:22,122 [INFO] IPUIPlugin:80 - create IPUIPlugin
2024-02-09 16:24:22,122 [INFO] PluginManager:220 - loadIPPluginJar : add spi
2024-02-09 16:24:22,126 [INFO] IPUIPlugin:80 - create IPUIPlugin
2024-02-09 16:24:22,126 [INFO] PluginManager:220 - loadIPPluginJar : add fmc
2024-02-09 16:24:22,128 [INFO] IPUIPlugin:80 - create IPUIPlugin
2024-02-09 16:24:22,128 [INFO] PluginManager:220 - loadIPPluginJar : add openamp
2024-02-09 16:24:22,130 [INFO] IPUIPlugin:80 - create IPUIPlugin
2024-02-09 16:24:22,130 [INFO] PluginManager:220 - loadIPPluginJar : add tracer_emb
2024-02-09 16:24:22,131 [INFO] IPUIPlugin:80 - create IPUIPlugin
2024-02-09 16:24:22,131 [INFO] PluginManager:220 - loadIPPluginJar : add dma3
2024-02-09 16:24:22,133 [INFO] IPUIPlugin:80 - create IPUIPlugin
2024-02-09 16:24:22,133 [INFO] PluginManager:220 - loadIPPluginJar : add i3c
2024-02-09 16:24:22,135 [INFO] IPUIPlugin:80 - create IPUIPlugin
2024-02-09 16:24:22,135 [INFO] PluginManager:220 - loadIPPluginJar : add i2s
2024-02-09 16:24:22,136 [INFO] IPUIPlugin:80 - create IPUIPlugin
2024-02-09 16:24:22,136 [INFO] PluginManager:220 - loadIPPluginJar : add aes
2024-02-09 16:24:22,138 [INFO] IPUIPlugin:80 - create IPUIPlugin
2024-02-09 16:24:22,138 [INFO] PluginManager:220 - loadIPPluginJar : add usbx
2024-02-09 16:24:22,141 [INFO] IPUIPlugin:80 - create IPUIPlugin
2024-02-09 16:24:22,141 [INFO] PluginManager:220 - loadIPPluginJar : add stm32_wpan
2024-02-09 16:24:22,142 [INFO] IPUIPlugin:80 - create IPUIPlugin
2024-02-09 16:24:22,142 [INFO] PluginManager:220 - loadIPPluginJar : add tsc
2024-02-09 16:24:22,144 [INFO] IPUIPlugin:80 - create IPUIPlugin
2024-02-09 16:24:22,144 [INFO] PluginManager:220 - loadIPPluginJar : add nvic
2024-02-09 16:24:22,147 [INFO] IPUIPlugin:80 - create IPUIPlugin
2024-02-09 16:24:22,147 [INFO] PluginManager:220 - loadIPPluginJar : add ipddr
2024-02-09 16:24:22,149 [INFO] IPUIPlugin:80 - create IPUIPlugin
2024-02-09 16:24:22,149 [INFO] PluginManager:220 - loadIPPluginJar : add cryp
2024-02-09 16:24:22,150 [INFO] IPUIPlugin:80 - create IPUIPlugin
2024-02-09 16:24:22,150 [INFO] PluginManager:220 - loadIPPluginJar : add genericplugin
2024-02-09 16:24:22,154 [INFO] IPUIPlugin:80 - create IPUIPlugin
2024-02-09 16:24:22,154 [INFO] PluginManager:220 - loadIPPluginJar : add gic
2024-02-09 16:24:22,155 [INFO] IPUIPlugin:80 - create IPUIPlugin
2024-02-09 16:24:22,155 [INFO] PluginManager:220 - loadIPPluginJar : add pdm2pcm
2024-02-09 16:24:22,157 [INFO] IPUIPlugin:80 - create IPUIPlugin
2024-02-09 16:24:22,157 [INFO] PluginManager:220 - loadIPPluginJar : add ucpd
2024-02-09 16:24:22,160 [INFO] IPUIPlugin:80 - create IPUIPlugin
2024-02-09 16:24:22,161 [INFO] PluginManager:220 - loadIPPluginJar : add dma
2024-02-09 16:24:22,162 [INFO] IPUIPlugin:80 - create IPUIPlugin
2024-02-09 16:24:22,162 [INFO] PluginManager:220 - loadIPPluginJar : add gfxmmu
2024-02-09 16:24:22,163 [INFO] IPUIPlugin:80 - create IPUIPlugin
2024-02-09 16:24:22,163 [INFO] PluginManager:220 - loadIPPluginJar : add can
2024-02-09 16:24:22,167 [INFO] IPUIPlugin:80 - create IPUIPlugin
2024-02-09 16:24:22,167 [INFO] PluginManager:220 - loadIPPluginJar : add adc
2024-02-09 16:24:22,168 [INFO] IPUIPlugin:80 - create IPUIPlugin
2024-02-09 16:24:22,168 [INFO] PluginManager:220 - loadIPPluginJar : add opamp
2024-02-09 16:24:22,170 [INFO] IPUIPlugin:80 - create IPUIPlugin
2024-02-09 16:24:22,170 [INFO] PluginManager:220 - loadIPPluginJar : add touchsensing
2024-02-09 16:24:22,170 [INFO] IPUIPlugin:80 - create IPUIPlugin
2024-02-09 16:24:22,171 [INFO] PluginManager:220 - loadIPPluginJar : add ltdc
2024-02-09 16:24:22,172 [INFO] IPUIPlugin:80 - create IPUIPlugin
2024-02-09 16:24:22,172 [INFO] PluginManager:220 - loadIPPluginJar : add usart
2024-02-09 16:24:22,176 [INFO] IPUIPlugin:80 - create IPUIPlugin
2024-02-09 16:24:22,178 [INFO] PluginManager:220 - loadIPPluginJar : add plateformsettings
2024-02-09 16:24:22,180 [INFO] IPUIPlugin:80 - create IPUIPlugin
2024-02-09 16:24:22,180 [INFO] PluginManager:220 - loadIPPluginJar : add ts
2024-02-09 16:24:22,181 [INFO] IPUIPlugin:80 - create IPUIPlugin
2024-02-09 16:24:22,181 [INFO] PluginManager:220 - loadIPPluginJar : add fatfs
2024-02-09 16:24:22,185 [INFO] IPUIPlugin:80 - create IPUIPlugin
2024-02-09 16:24:22,185 [INFO] PluginManager:220 - loadIPPluginJar : add linkedlist
2024-02-09 16:24:22,187 [INFO] IPUIPlugin:80 - create IPUIPlugin
2024-02-09 16:24:22,187 [INFO] PluginManager:220 - loadIPPluginJar : add resmgrutility
2024-02-09 16:24:22,188 [INFO] IPUIPlugin:80 - create IPUIPlugin
2024-02-09 16:24:22,188 [INFO] PluginManager:220 - loadIPPluginJar : add hash
2024-02-09 16:24:22,189 [INFO] IPUIPlugin:80 - create IPUIPlugin
2024-02-09 16:24:22,189 [INFO] PluginManager:220 - loadIPPluginJar : add dfsdm
2024-02-09 16:24:22,290 [INFO] CADModel:165 - CPN selected for project level
2024-02-09 16:24:22,291 [INFO] CADModel:114 - Register for checkConnection events
2024-02-09 16:24:22,291 [FATAL] Updater:308 - Updater called before beeing initialized
2024-02-09 16:24:22,291 [ERROR] CADModel:125 - Updater not yet initialized, retry later 
2024-02-09 16:24:22,428 [INFO] CADModel:165 - CPN selected for project level
2024-02-09 16:24:22,428 [INFO] CADModel:114 - Register for checkConnection events
2024-02-09 16:24:22,428 [FATAL] Updater:308 - Updater called before beeing initialized
2024-02-09 16:24:22,428 [ERROR] CADModel:125 - Updater not yet initialized, retry later 
2024-02-09 16:24:22,431 [FATAL] Updater:308 - Updater called before beeing initialized
2024-02-09 16:24:22,527 [FATAL] Updater:308 - Updater called before beeing initialized
2024-02-09 16:24:22,532 [INFO] DbMcusAds:53 - JSON generation date=Wed Nov 29 16:22:27 IST 2023 (1701255147200)
2024-02-09 16:24:22,532 [FATAL] Updater:308 - Updater called before beeing initialized
2024-02-09 16:24:22,572 [WARN] DetailPanel:346 - Failed to get advertising image, set to default
2024-02-09 16:24:22,658 [FATAL] Updater:308 - Updater called before beeing initialized
2024-02-09 16:24:22,660 [FATAL] Updater:308 - Updater called before beeing initialized
2024-02-09 16:24:22,660 [FATAL] Updater:308 - Updater called before beeing initialized
2024-02-09 16:24:22,660 [WARN] DetailPanel:346 - Failed to get advertising image, set to default
2024-02-09 16:24:22,661 [FATAL] Updater:308 - Updater called before beeing initialized
2024-02-09 16:24:22,692 [ERROR] Updater:1120 - MainUpdater not yet initialized. External WinMGr cannot be set.
2024-02-09 16:24:22,693 [INFO] Updater:1056 - Updater Version found : 6.10.0
2024-02-09 16:24:22,708 [INFO] ApplicationProperties:184 - Using Application install path: /opt/st/stm32cubeide_1.14.0/plugins/com.st.stm32cube.common.mx_6.10.0.202311202037
2024-02-09 16:24:23,030 [INFO] MainUpdater:2873 - connection check result : 10
2024-02-09 16:24:23,031 [INFO] MainUpdater:290 - Updater Check For Update Now.
2024-02-09 16:24:23,031 [INFO] MicroXplorer:498 - Change Database Version : DB.6.0.100
2024-02-09 16:24:23,037 [INFO] McuFinderGlobals:63 - Set McuFinder mode to 2 (CubeIDE integrated)
2024-02-09 16:24:23,196 [INFO] UserAuth:404 - Internet connection configuration mode: 1
2024-02-09 16:24:23,201 [INFO] CheckServerUpdateThread:120 - End of CheckServer Thread
2024-02-09 16:24:23,211 [INFO] JxBrowserEngine:152 - Initiate JxBrowser Engine with user profile folder
2024-02-09 16:24:23,955 [INFO] WebApp:161 - Instantiating new browser for Auth
2024-02-09 16:24:24,493 [INFO] WebApp:780 - Register for checkConnection events
2024-02-09 16:24:24,494 [INFO] WebApp:414 - Apply proxy settings
2024-02-09 16:24:24,494 [INFO] WebApp:499 - Chromium requires no authentication
2024-02-09 16:24:24,499 [INFO] WebApp:442 - Direct internet connection detected
2024-02-09 16:24:24,620 [INFO] WebApp:192 - Starting web application
2024-02-09 16:24:24,621 [INFO] WebApp:544 - Web application path used /opt/st/stm32cubeide_1.14.0/plugins/com.st.stm32cube.common.mx_6.10.0.202311202037/db/plugins/mcufinder/reactClient1/index.html
2024-02-09 16:24:24,856 [WARN] PackLoader:240 - Cannot read IP mode file for STMicroelectronics.X-CUBE-SMBUS.2.1.0
2024-02-09 16:24:24,894 [WARN] PackLoader:240 - Cannot read IP mode file for STMicroelectronics.X-CUBE-AZRTOS-F7.1.1.0
2024-02-09 16:24:24,905 [WARN] PackLoader:240 - Cannot read IP mode file for STMicroelectronics.FP-SNS-MOTENV1.4.3.2
2024-02-09 16:24:24,911 [WARN] PackLoader:240 - Cannot read IP mode file for STMicroelectronics.FP-SNS-FLIGHT1.5.0.2
2024-02-09 16:24:24,920 [WARN] PackLoader:240 - Cannot read IP mode file for STMicroelectronics.X-CUBE-DISPLAY.3.0.0
2024-02-09 16:24:24,949 [WARN] PackLoader:240 - Cannot read IP mode file for STMicroelectronics.X-CUBE-BLE1.7.0.0
2024-02-09 16:24:24,956 [WARN] PackLoader:240 - Cannot read IP mode file for STMicroelectronics.FP-SNS-SMARTAG2.1.2.0
2024-02-09 16:24:24,975 [INFO] LogOutputStream:77 - [STDOUT_REDIRECT] 1 : Invalid condition id : UX_CORESTACK_Condition cause : null
2024-02-09 16:24:24,976 [INFO] LogOutputStream:77 - [STDOUT_REDIRECT] 1 : Invalid condition id : UX_CORESTACK_Condition cause : null
2024-02-09 16:24:24,976 [INFO] LogOutputStream:77 - [STDOUT_REDIRECT] 1 : Invalid condition id : UX_CORESTACK_Condition cause : null
2024-02-09 16:24:24,976 [INFO] LogOutputStream:77 - [STDOUT_REDIRECT] 1 : Invalid condition id : UX_CORESTACK_Condition cause : null
2024-02-09 16:24:24,977 [INFO] LogOutputStream:77 - [STDOUT_REDIRECT] 1 : Invalid condition id : UX_CORESTACK_Condition cause : null
2024-02-09 16:24:24,988 [WARN] PackLoader:240 - Cannot read IP mode file for STMicroelectronics.X-CUBE-AZRTOS-WL.2.0.0
2024-02-09 16:24:25,005 [WARN] PackLoader:240 - Cannot read IP mode file for WES.I-CUBE-Cesium.1.3.0
2024-02-09 16:24:25,014 [WARN] PackLoader:240 - Cannot read IP mode file for STMicroelectronics.X-CUBE-BLE2.3.3.0
2024-02-09 16:24:25,043 [WARN] PackLoader:240 - Cannot read IP mode file for STMicroelectronics.X-CUBE-ALGOBUILD.1.3.0
2024-02-09 16:24:25,111 [WARN] PackLoader:240 - Cannot read IP mode file for STMicroelectronics.X-CUBE-AZRTOS-G0.1.1.0
2024-02-09 16:24:25,122 [WARN] PackLoader:240 - Cannot read IP mode file for STMicroelectronics.X-CUBE-NFC4.3.0.0
2024-02-09 16:24:25,138 [WARN] PackLoader:240 - Cannot read IP mode file for STMicroelectronics.X-CUBE-BLEMGR.3.0.0
2024-02-09 16:24:25,146 [WARN] PackLoader:240 - Cannot read IP mode file for STMicroelectronics.FP-ATR-SIGFOX1.3.2.0
2024-02-09 16:24:25,227 [WARN] PackLoader:240 - Cannot read IP mode file for SEGGER.I-CUBE-embOS.1.3.1
2024-02-09 16:24:25,275 [WARN] PackLoader:240 - Cannot read IP mode file for STMicroelectronics.X-CUBE-GNSS1.6.0.0
2024-02-09 16:24:25,307 [WARN] PackLoader:240 - Cannot read IP mode file for STMicroelectronics.X-CUBE-AZRTOS-F4.1.1.0
2024-02-09 16:24:25,353 [WARN] PackLoader:240 - Cannot read IP mode file for STMicroelectronics.X-CUBE-AZRTOS-L5.2.0.0
2024-02-09 16:24:25,374 [WARN] PackLoader:240 - Cannot read IP mode file for STMicroelectronics.X-CUBE-NFC7.1.0.1
2024-02-09 16:24:25,385 [WARN] PackLoader:240 - Cannot read IP mode file for STMicroelectronics.X-CUBE-NFC6.3.0.0
2024-02-09 16:24:25,393 [WARN] PackLoader:240 - Cannot read IP mode file for STMicroelectronics.X-CUBE-AI.8.1.0
2024-02-09 16:24:25,420 [WARN] ConditionMgr:438 - getConditionDescription Invalid condition id : LAN8742 Phy interface Condition cause : null
2024-02-09 16:24:25,421 [WARN] PackLoader:240 - Cannot read IP mode file for STMicroelectronics.X-CUBE-AZRTOS-L4.2.0.0
2024-02-09 16:24:25,424 [WARN] ConditionMgr:1039 - genDependencies : Invalid condition id : LAN8742 Phy interface Condition cause : null
2024-02-09 16:24:25,424 [WARN] ConditionMgr:1039 - genDependencies : Invalid condition id : LAN8742 Phy interface Condition cause : null
2024-02-09 16:24:25,425 [WARN] ConditionMgr:1039 - genDependencies : Invalid condition id : LAN8742 Phy interface Condition cause : null
2024-02-09 16:24:25,436 [WARN] PackLoader:240 - Cannot read IP mode file for STMicroelectronics.X-CUBE-SFXS2LP1.4.0.0
2024-02-09 16:24:25,459 [WARN] ConditionMgr:438 - getConditionDescription Invalid condition id : UX DEVICE CLASS RTOS Condition cause : null
2024-02-09 16:24:25,459 [WARN] ConditionMgr:438 - getConditionDescription Invalid condition id : UX DEVICE CLASS RTOS Condition cause : null
2024-02-09 16:24:25,463 [WARN] PackLoader:240 - Cannot read IP mode file for STMicroelectronics.X-CUBE-AZRTOS-WB.2.0.0
2024-02-09 16:24:25,464 [WARN] ConditionMgr:1039 - genDependencies : Invalid condition id : UX DEVICE CLASS RTOS Condition cause : null
2024-02-09 16:24:25,464 [WARN] ConditionMgr:1039 - genDependencies : Invalid condition id : UX DEVICE CLASS RTOS Condition cause : null
2024-02-09 16:24:25,465 [WARN] ConditionMgr:1039 - genDependencies : Invalid condition id : UX DEVICE CLASS RTOS Condition cause : null
2024-02-09 16:24:25,466 [WARN] ConditionMgr:1039 - genDependencies : Invalid condition id : UX DEVICE CLASS RTOS Condition cause : null
2024-02-09 16:24:25,466 [WARN] ConditionMgr:1039 - genDependencies : Invalid condition id : UX DEVICE CLASS RTOS Condition cause : null
2024-02-09 16:24:25,491 [WARN] PackLoader:240 - Cannot read IP mode file for STMicroelectronics.X-CUBE-SUBG2.5.0.0
2024-02-09 16:24:25,523 [WARN] PackLoader:240 - Cannot read IP mode file for STMicroelectronics.X-CUBE-AZRTOS-G4.2.0.0
2024-02-09 16:24:25,545 [WARN] PackLoader:240 - Cannot read IP mode file for Infineon.AIROC-Wi-Fi-Bluetooth-STM32.1.5.1
2024-02-09 16:24:25,616 [WARN] PackLoader:240 - Cannot read IP mode file for STMicroelectronics.X-CUBE-MEMS1.10.0.0
2024-02-09 16:24:25,851 [WARN] PackLoader:240 - Cannot read IP mode file for STMicroelectronics.X-CUBE-FREERTOS.1.1.0
2024-02-09 16:24:25,856 [WARN] PackLoader:240 - Cannot read IP mode file for portGmbH.I-Cube-SoM-uGOAL.1.1.0
2024-02-09 16:24:25,859 [WARN] PackLoader:240 - Cannot read IP mode file for STMicroelectronics.X-CUBE-ALS.1.0.1
2024-02-09 16:24:25,863 [WARN] PackLoader:240 - Cannot read IP mode file for STMicroelectronics.FP-ATR-ASTRA1.2.0.0
2024-02-09 16:24:25,863 [INFO] ThirdParty:978 - Integrity check success = true
2024-02-09 16:24:25,863 [INFO] IntegrityCheckThread:100 - exiting critical section [integrity check]
2024-02-09 16:24:25,864 [INFO] IntegrityCheckThread:103 - End integrity checks thread
2024-02-09 16:24:45,889 [ERROR] LogOutputStream:75 - [STDERR_REDIRECT] SLF4J: Failed to load class "org.slf4j.impl.StaticLoggerBinder".
2024-02-09 16:24:45,890 [ERROR] LogOutputStream:75 - [STDERR_REDIRECT] SLF4J: Defaulting to no-operation (NOP) logger implementation
2024-02-09 16:24:45,890 [ERROR] LogOutputStream:75 - [STDERR_REDIRECT] SLF4J: See http://www.slf4j.org/codes.html#StaticLoggerBinder for further details.
2024-02-09 16:24:56,978 [INFO] McuFinderGlobals:63 - Set McuFinder mode to 2 (CubeIDE integrated)
2024-02-09 16:24:59,438 [INFO] MainUpdater:2873 - connection check result : 10
2024-02-09 16:24:59,439 [INFO] MainUpdater:2873 - connection check result : 10
2024-02-09 16:24:59,545 [INFO] MicroXplorer:468 - Change Database Path : 
2024-02-09 16:24:59,545 [INFO] MicroXplorer:498 - Change Database Version : DB.6.0.100
2024-02-09 16:24:59,551 [WARN] ThirdParty:871 - waiting for thirdparty lock release [close project]
2024-02-09 16:24:59,551 [INFO] ThirdParty:873 - entering critical section [close project]
2024-02-09 16:24:59,552 [INFO] ThirdParty:883 - exiting critical section [close project]
2024-02-09 16:24:59,555 [INFO] PinOutPanel:1499 - setPackage(No Configuration,No Configuration)
2024-02-09 16:24:59,563 [INFO] UtilMem:75 - Begin LoadConfig() Used Memory: 229706320 Bytes (530579456)
2024-02-09 16:24:59,574 [INFO] MicroXplorer:468 - Change Database Path : /home/om/.stm32cubemx/databases/DB.6.0.81/db/
2024-02-09 16:24:59,575 [INFO] MicroXplorer:498 - Change Database Version : DB.6.0.81
2024-02-09 16:25:01,563 [INFO] MicroXplorer:468 - Change Database Path : 
2024-02-09 16:25:01,564 [INFO] MicroXplorer:498 - Change Database Version : DB.6.0.100
2024-02-09 16:25:01,564 [INFO] OpenFileManager:312 - Change cursor
2024-02-09 16:25:01,618 [INFO] Mcu:2016 - Initializing MCU STM32F407V(E-G)Tx STM32F407VGTx STM32F407VGT6
2024-02-09 16:25:03,800 [INFO] Context:659 - Trying to add GPIOservice into a context  which must be forbidden
2024-02-09 16:25:04,535 [INFO] RtosManager:555 - Registered RTOS mode: class=CMSIS, group=RTOS, mode=CMSIS_V1, owner=FREERTOS
2024-02-09 16:25:04,536 [INFO] RtosManager:555 - Registered RTOS mode: class=CMSIS, group=RTOS2, mode=CMSIS_V2, owner=FREERTOS
2024-02-09 16:25:04,536 [INFO] RtosManager:555 - Registered RTOS mode: class=RTOS, group=Core, mode=CMSIS_V1, owner=FREERTOS
2024-02-09 16:25:04,536 [INFO] RtosManager:555 - Registered RTOS mode: class=RTOS, group=Core, mode=CMSIS_V2, owner=FREERTOS
2024-02-09 16:25:04,536 [WARN] ModelIntegratedComponent:184 - Missing modes for component STMicroelectronics:FreeRTOS:0.0.1:STMicroelectronics:RTOS:FreeRTOS:Core:::10.2.0:
2024-02-09 16:25:04,552 [WARN] ModelIntegratedComponent:63 - No mode defined for component null
2024-02-09 16:25:04,552 [WARN] ModelIntegratedComponent:63 - No mode defined for component null
2024-02-09 16:25:04,552 [WARN] ModelIntegratedComponent:63 - No mode defined for component null
2024-02-09 16:25:04,553 [WARN] ModelIntegratedComponent:63 - No mode defined for component null
2024-02-09 16:25:04,553 [WARN] ModelIntegratedComponent:63 - No mode defined for component null
2024-02-09 16:25:04,553 [WARN] ModelIntegratedComponent:63 - No mode defined for component null
2024-02-09 16:25:04,553 [WARN] ModelIntegratedComponent:63 - No mode defined for component null
2024-02-09 16:25:04,553 [WARN] ModelIntegratedComponent:63 - No mode defined for component null
2024-02-09 16:25:04,553 [WARN] ModelIntegratedComponent:63 - No mode defined for component null
2024-02-09 16:25:04,553 [WARN] ModelIntegratedComponent:63 - No mode defined for component null
2024-02-09 16:25:04,553 [WARN] ModelIntegratedComponent:63 - No mode defined for component null
2024-02-09 16:25:04,553 [WARN] ModelIntegratedComponent:63 - No mode defined for component null
2024-02-09 16:25:04,553 [WARN] ModelIntegratedComponent:63 - No mode defined for component null
2024-02-09 16:25:04,553 [WARN] ModelIntegratedComponent:63 - No mode defined for component null
2024-02-09 16:25:04,553 [WARN] ModelIntegratedComponent:63 - No mode defined for component null
2024-02-09 16:25:04,553 [WARN] ModelIntegratedComponent:63 - No mode defined for component null
2024-02-09 16:25:04,554 [WARN] ModelIntegratedComponent:63 - No mode defined for component null
2024-02-09 16:25:04,554 [WARN] ModelIntegratedComponent:63 - No mode defined for component null
2024-02-09 16:25:04,554 [WARN] ModelIntegratedComponent:63 - No mode defined for component null
2024-02-09 16:25:04,554 [WARN] ModelIntegratedComponent:63 - No mode defined for component null
2024-02-09 16:25:04,554 [WARN] ModelIntegratedComponent:63 - No mode defined for component null
2024-02-09 16:25:04,554 [WARN] ModelIntegratedComponent:63 - No mode defined for component null
2024-02-09 16:25:04,554 [WARN] ModelIntegratedComponent:63 - No mode defined for component null
2024-02-09 16:25:04,554 [WARN] ModelIntegratedComponent:63 - No mode defined for component null
2024-02-09 16:25:04,554 [WARN] ModelIntegratedComponent:63 - No mode defined for component null
2024-02-09 16:25:04,554 [WARN] ModelIntegratedComponent:63 - No mode defined for component null
2024-02-09 16:25:04,554 [WARN] ModelIntegratedComponent:63 - No mode defined for component null
2024-02-09 16:25:04,554 [WARN] ModelIntegratedComponent:63 - No mode defined for component null
2024-02-09 16:25:04,554 [WARN] ModelIntegratedComponent:63 - No mode defined for component null
2024-02-09 16:25:04,554 [WARN] ModelIntegratedComponent:63 - No mode defined for component null
2024-02-09 16:25:04,554 [WARN] ModelIntegratedComponent:63 - No mode defined for component null
2024-02-09 16:25:04,555 [WARN] ModelIntegratedComponent:63 - No mode defined for component null
2024-02-09 16:25:04,555 [WARN] ModelIntegratedComponent:63 - No mode defined for component null
2024-02-09 16:25:04,708 [INFO] ThirdPartyModel:298 - Start build external matchings
2024-02-09 16:25:04,956 [INFO] ThirdPartyModel:316 - End build external matchings
2024-02-09 16:25:04,972 [INFO] ImportTextPane:194 - (OptionalMessage_ERROR) IP (RCC) : Parameter (RTCHSEDivFreq_Value) has invalid value (4000000)
2024-02-09 16:25:05,263 [INFO] UtilMem:75 - End LoadConfig() Used Memory: 525068328 Bytes (770703360)
2024-02-09 16:25:05,387 [INFO] ApiDb:581 - Connected to CubeFinder SQLite database (/home/om/.stmcufinder/plugins/mcufinder/mcu/cube-finder-db.db)
2024-02-09 16:25:05,468 [INFO] ApiDb:668 - CubeFinder database Data Model version=2.1
2024-02-09 16:25:05,469 [INFO] ApiDb:669 - CubeFinder database Configuration version=3.0.39
2024-02-09 16:25:05,469 [INFO] ApiDb:670 - CubeFinder database generation date=2024-01-11 (1704964531)
2024-02-09 16:25:05,469 [INFO] ApiDb:671 - CubeFinder database FW Pack versions=[FP-ATR-ASTRA1_V2.0.0, FP-SNS-FLIGHT1_V5.0.1, FP-SNS-FLIGHT1_V5.0.2, FP-SNS-MOTENV1_V4.3.1, FP-SNS-MOTENV1_V4.3.2, FP-SNS-MOTENVWB1_V1.3.1, FP-SNS-SMARTAG2_V1.2.0, STM32Cube_FW_C0_V1.1.0, STM32Cube_FW_F4_V1.28.0, STM32Cube_FW_F7_V1.17.0, STM32Cube_FW_G0_V1.6.2, STM32Cube_FW_G4_V1.5.2, STM32Cube_FW_H5_V0.5.1, STM32Cube_FW_H5_V1.1.1, STM32Cube_FW_H5_V1.2.0RC2, STM32Cube_FW_H7_V1.11.0, STM32Cube_FW_L0_V1.12.2, STM32Cube_FW_L5_V1.5.0, STM32Cube_FW_U5_V1.3.0RC4, STM32Cube_FW_U5_V1.4.0, STM32Cube_FW_WBA_V1.0.0RC1, STM32Cube_FW_WBA_V1.1.0RC1, STM32Cube_FW_WBA_V1.2.0, STM32Cube_FW_WBA_V1.2.0RC2, STM32Cube_FW_WB_V1.15.0RC1, STM32Cube_FW_WB_V1.16.0, STM32Cube_FW_WB_V1.16.0RC2, STM32Cube_FW_WB_V1.18.0, STM32Cube_FW_WL_V1.3.0, X-CUBE-ALGOBUILD_V1.3.0, X-CUBE-ALS_V1.0.1, X-CUBE-AZRTOS-F4_V1.1.0, X-CUBE-AZRTOS-F7_V1.1.0, X-CUBE-AZRTOS-G0_V1.1.0, X-CUBE-AZRTOS-G4_V2.0.0, X-CUBE-AZRTOS-H7_V3.2.0, X-CUBE-AZRTOS-L4_V1.0.0, X-CUBE-AZRTOS-L4_V2.0.0, X-CUBE-AZRTOS-L5_V1.1.0, X-CUBE-AZRTOS-WB_V2.0.0, X-CUBE-AZRTOS-WL_V2.0.0, X-CUBE-BLE1_V7.0.0, X-CUBE-BLE2_V3.3.0, X-CUBE-BLEMGR_V3.0.0, X-CUBE-EEPRMA1_V4.1.0, X-CUBE-EEPRMA1_V4.2.0, X-CUBE-FREERTOS_V1.1.0, X-CUBE-GNSS1_V6.0.0, X-CUBE-MEMS1_V10.0.0, X-CUBE-MEMS1_V9.1.0, X-CUBE-MEMS1_V9.4.0, X-CUBE-MEMS1_V9.6.0, X-CUBE-NFC4_V3.0.0, X-CUBE-NFC7_V1.0.1, X-CUBE-SFXS2LP1_V4.0.0, X-CUBE-SUBG2_V5.0.0, X-CUBE-TOF1_V3.4.0]
2024-02-09 16:25:08,092 [INFO] ApiDb:240 - Found 371 in-development CPN: [B-G473E-ZEST1S, B-WB1M-WPAN1, B-WL5M-SUBG1, NUCLEO-C031C6, NUCLEO-H503RB, NUCLEO-H563ZI, NUCLEO-U545RE-Q, NUCLEO-U5A5ZJ-Q, NUCLEO-WBA52CG, NUCLEO-WBA55CG, STEVAL-MKBOXPRO, STEVAL-PROTEUS1, STEVAL-STWINBX1, STM320518-EVAL, STM32C0116-DK, STM32C011D6Y3TR, STM32C011D6Y6TR, STM32C011F4P3, STM32C011F4P6, STM32C011F4U3, STM32C011F4U6TR, STM32C011F6P3, STM32C011F6P6, STM32C011F6U3, STM32C011F6U6TR, STM32C011J4M3, STM32C011J4M6, STM32C011J6M3, STM32C011J6M6, STM32C0316-DK, STM32C031C4T3, STM32C031C4T6, STM32C031C4U3, STM32C031C4U6, STM32C031C6T3, STM32C031C6T6, STM32C031C6U3, STM32C031C6U6, STM32C031F4P3, STM32C031F4P6, STM32C031F6P3, STM32C031F6P6, STM32C031G4U3, STM32C031G4U6, STM32C031G6U3, STM32C031G6U6, STM32C031K4T3, STM32C031K4T6, STM32C031K4U3, STM32C031K4U6, STM32C031K6T3, STM32C031K6T6, STM32C031K6U3, STM32C031K6U6, STM32G071K8TXN, STM32G071K8UXN, STM32G081GBU6N, STM32G081KBT6N, STM32G081KBUXN, STM32G0B1CCT6N, STM32G0B1KCT6, STM32G0B1NEY6TR, STM32G0B1RCT6N, STM32G0C1CCT6, STM32G0C1CCT6N, STM32G0C1CCU6N, STM32G0C1CET6N, STM32G0C1CEU6N, STM32G0C1KCT6, STM32G0C1NEY6TR, STM32G0C1RCI6N, STM32G0C1RCT6N, STM32G0C1REI6N, STM32G0C1RET6N, STM32G0C1VCI6, STM32G0C1VEI6, STM32G471CCT6, STM32G471CCU6, STM32G471CET3, STM32G471CET6, STM32G471CEU3, STM32G471CEU6, STM32G471MCT6, STM32G471MET3, STM32G471MET6, STM32G471MEY6TR, STM32G471QCT6, STM32G471QET3, STM32G471RCT6, STM32G471RET3, STM32G471RET6, STM32G471VCH6, STM32G471VCI6, STM32G471VCT6, STM32G471VEH3, STM32G471VEH6, STM32G471VEI3, STM32G471VEI6, STM32G471VET3, STM32G471VET6, STM32G474CCT6, STM32H503CBT6, STM32H503CBU6, STM32H503EBY6TR, STM32H503KBU6, STM32H503RBT6, STM32H562AGI6, STM32H562AII6, STM32H562IGK6, STM32H562IGT6, STM32H562IIK6, STM32H562IIT6, STM32H562RGT6, STM32H562RGV6, STM32H562RIT6, STM32H562RIV6, STM32H562VGT6, STM32H562VIT6, STM32H562ZGT6, STM32H562ZIT6, STM32H563AGI6, STM32H563AII3Q, STM32H563AII6, STM32H563IGK6, STM32H563IGT6, STM32H563IIK3Q, STM32H563IIK6, STM32H563IIT3Q, STM32H563IIT6, STM32H563MIY3QTR, STM32H563RGT6, STM32H563RGV6, STM32H563RIT6, STM32H563RIV6, STM32H563VGT6, STM32H563VIT3Q, STM32H563VIT6, STM32H563ZGT6, STM32H563ZIT3Q, STM32H563ZIT6, STM32H573AII3Q, STM32H573AII6, STM32H573I-DK, STM32H573IIK3Q, STM32H573IIK6, STM32H573IIT3Q, STM32H573IIT6, STM32H573MIY3QTR, STM32H573RIT6, STM32H573RIV6, STM32H573VIT3Q, STM32H573VIT6, STM32H573ZIT3Q, STM32H573ZIT6, STM32L4R5QGI6STR, STM32MP131AAE3, STM32MP131AAF3, STM32MP131AAG3, STM32MP131CAE3, STM32MP131CAF3, STM32MP131CAG3, STM32MP131DAE7, STM32MP131DAF7, STM32MP131DAG7, STM32MP131FAE7, STM32MP131FAF7, STM32MP131FAG7, STM32MP133AAE3, STM32MP133AAF3, STM32MP133AAG3, STM32MP133CAE3, STM32MP133CAF3, STM32MP133CAG3, STM32MP133DAE7, STM32MP133DAF7, STM32MP133DAG7, STM32MP133FAE7, STM32MP133FAF7, STM32MP133FAG7, STM32MP135AAE3, STM32MP135AAF3, STM32MP135AAG3, STM32MP135CAE3, STM32MP135CAF3, STM32MP135CAG3, STM32MP135DAE7, STM32MP135DAF7, STM32MP135DAG7, STM32MP135F-DK, STM32MP135FAE7, STM32MP135FAF7, STM32MP135FAF7T, STM32MP135FAF7U, STM32MP135FAG7, STM32U535CBT6, STM32U535CBT6Q, STM32U535CBU6, STM32U535CBU6Q, STM32U535CCT6, STM32U535CCT6Q, STM32U535CCU6, STM32U535CCU6Q, STM32U535CET6, STM32U535CET6Q, STM32U535CEU6, STM32U535CEU6Q, STM32U535JEY6QTR, STM32U535NCY6QTR, STM32U535NEY6QTR, STM32U535RBI6, STM32U535RBI6Q, STM32U535RBT6, STM32U535RBT6Q, STM32U535RCI6, STM32U535RCI6Q, STM32U535RCT6, STM32U535RCT6Q, STM32U535REI6, STM32U535REI6Q, STM32U535RET6, STM32U535RET6Q, STM32U535VCI6, STM32U535VCI6Q, STM32U535VCT6, STM32U535VCT6Q, STM32U535VEI6, STM32U535VEI6Q, STM32U535VET6, STM32U535VET6Q, STM32U545CET6, STM32U545CET6Q, STM32U545CEU6, STM32U545CEU6Q, STM32U545JEY6QTR, STM32U545NEY6QTR, STM32U545REI6, STM32U545REI6Q, STM32U545RET6, STM32U545RET6Q, STM32U545VEI6, STM32U545VEI6Q, STM32U545VET6, STM32U545VET6Q, STM32U595AIH6, STM32U595AIH6Q, STM32U595AJH6, STM32U595AJH6Q, STM32U595QII6, STM32U595QII6Q, STM32U595QJI6, STM32U595QJI6Q, STM32U595RIT6, STM32U595RIT6Q, STM32U595RJT6, STM32U595RJT6Q, STM32U595VIT6, STM32U595VIT6Q, STM32U595VJT6, STM32U595VJT6Q, STM32U595ZIT6, STM32U595ZIT6Q, STM32U595ZIY6QTR, STM32U595ZJT6, STM32U595ZJT6Q, STM32U595ZJY6QTR, STM32U599BJY6QTR, STM32U599NIH6Q, STM32U599NJH6Q, STM32U599VIT6Q, STM32U599VJT6, STM32U599VJT6Q, STM32U599ZIT6Q, STM32U599ZIY6QTR, STM32U599ZJT6Q, STM32U599ZJY6QTR, STM32U5A5AJH6, STM32U5A5AJH6Q, STM32U5A5QJI6, STM32U5A5QJI6Q, STM32U5A5RJT6, STM32U5A5RJT6Q, STM32U5A5VJT6, STM32U5A5VJT6Q, STM32U5A5ZJT6, STM32U5A5ZJT6Q, STM32U5A5ZJY6QTR, STM32U5A9BJY6QTR, STM32U5A9J-DK, STM32U5A9NJH6Q, STM32U5A9VJT6Q, STM32U5A9ZJT6Q, STM32U5A9ZJY6QTR, STM32U5F7VIT6, STM32U5F7VIT6Q, STM32U5F7VJT6, STM32U5F7VJT6Q, STM32U5F9BJY6QTR, STM32U5F9NJH6Q, STM32U5F9VIT6Q, STM32U5F9VJT6Q, STM32U5F9ZIJ6QTR, STM32U5F9ZIT6Q, STM32U5F9ZJJ6QTR, STM32U5F9ZJT6Q, STM32U5G7VJT6, STM32U5G7VJT6Q, STM32U5G9BJY6QTR, STM32U5G9J-DK1, STM32U5G9J-DK2, STM32U5G9NJH6Q, STM32U5G9VJT6Q, STM32U5G9ZJJ6QTR, STM32U5G9ZJT6Q, STM32WB1MMCH6, STM32WBA50KEU6, STM32WBA50KEU6TR, STM32WBA50KGU6, STM32WBA50KGU6TR, STM32WBA52CEU6, STM32WBA52CEU6TR, STM32WBA52CEU7, STM32WBA52CEU7TR, STM32WBA52CGU6, STM32WBA52CGU6TR, STM32WBA52CGU6U, STM32WBA52CGU7, STM32WBA52CGU7TR, STM32WBA52KEU6, STM32WBA52KEU6TR, STM32WBA52KGU6, STM32WBA52KGU6TR, STM32WBA54CEU6, STM32WBA54CEU6TR, STM32WBA54CEU7, STM32WBA54CEU7TR, STM32WBA54CGU6, STM32WBA54CGU6TR, STM32WBA54CGU7, STM32WBA54CGU7TR, STM32WBA54KEU6, STM32WBA54KEU6TR, STM32WBA54KEU7, STM32WBA54KEU7TR, STM32WBA54KGU6, STM32WBA54KGU6TR, STM32WBA54KGU7, STM32WBA54KGU7TR, STM32WBA55CEU6, STM32WBA55CEU6TR, STM32WBA55CEU7, STM32WBA55CEU7TR, STM32WBA55CGU6, STM32WBA55CGU6TR, STM32WBA55CGU6U, STM32WBA55CGU7, STM32WBA55CGU7TR, STM32WBA55G-DK1, STM32WBA55HEF6, STM32WBA55HEF7, STM32WBA55HGF6, STM32WBA55HGF7, STM32WBA55UEI6, STM32WBA55UEI6TR, STM32WBA55UEI7, STM32WBA55UEI7TR, STM32WBA55UGI6, STM32WBA55UGI6TR, STM32WBA55UGI7, STM32WBA55UGI7TR, STM32WL5MOCH6, STM32WL5MOCH6TR]
2024-02-09 16:25:08,098 [INFO] DbMcus:218 - Found 3930 MCUs, 3930 are supported
2024-02-09 16:25:08,098 [INFO] ApiDb:423 - Load user favorites file /home/om/.stm32cubeide/favorites.mcus.txt: 0 item(s)
2024-02-09 16:25:08,098 [INFO] ApiDb:427 - User favorites MCUs=[]
2024-02-09 16:25:08,098 [INFO] DbMcus:224 - Set 0 / 0 favorites MCUs
2024-02-09 16:25:08,501 [INFO] MicroXplorer:468 - Change Database Path : 
2024-02-09 16:25:08,501 [INFO] MicroXplorer:498 - Change Database Version : DB.6.0.100
2024-02-09 16:25:08,502 [WARN] ThirdParty:833 - waiting for thirdparty lock release [change project]
2024-02-09 16:25:08,502 [INFO] ThirdParty:835 - entering critical section [change project]
2024-02-09 16:25:08,502 [INFO] ThirdParty:1030 - CMSIS Pack Vendor :STMicroelectronics USBPD 4.1
2024-02-09 16:25:08,502 [INFO] ThirdParty:1030 - CMSIS Pack Vendor :STMicroelectronics X-CUBE-GNSS1 6.0.0
2024-02-09 16:25:08,502 [INFO] ThirdParty:1030 - CMSIS Pack Vendor :STMicroelectronics USB_HOST 2.0.0
2024-02-09 16:25:08,502 [INFO] ThirdParty:1030 - CMSIS Pack Vendor :STMicroelectronics X-CUBE-AZRTOS-F4 1.1.0
2024-02-09 16:25:08,502 [INFO] ThirdParty:1030 - CMSIS Pack Vendor :STMicroelectronics LIBJPEG 8.0.0
2024-02-09 16:25:08,502 [INFO] ThirdParty:1030 - CMSIS Pack Vendor :STMicroelectronics X-CUBE-SMBUS 2.1.0
2024-02-09 16:25:08,503 [INFO] ThirdParty:1030 - CMSIS Pack Vendor :STMicroelectronics USB_DEVICE 3.0.0
2024-02-09 16:25:08,503 [INFO] ThirdParty:1030 - CMSIS Pack Vendor :STMicroelectronics X-CUBE-AZRTOS-WB 2.0.0
2024-02-09 16:25:08,503 [INFO] ThirdParty:1030 - CMSIS Pack Vendor :STMicroelectronics X-CUBE-AZRTOS-F7 1.1.0
2024-02-09 16:25:08,503 [INFO] ThirdParty:1030 - CMSIS Pack Vendor :STMicroelectronics X-CUBE-AZRTOS-L5 2.0.0
2024-02-09 16:25:08,503 [INFO] ThirdParty:1030 - CMSIS Pack Vendor :STMicroelectronics USB_DEVICE 2.0.0
2024-02-09 16:25:08,503 [INFO] ThirdParty:1030 - CMSIS Pack Vendor :STMicroelectronics FP-SNS-MOTENV1 4.3.2
2024-02-09 16:25:08,503 [INFO] ThirdParty:1030 - CMSIS Pack Vendor :STMicroelectronics X-CUBE-ALGOBUILD 1.3.0
2024-02-09 16:25:08,504 [INFO] ThirdParty:1030 - CMSIS Pack Vendor :STMicroelectronics FreeRTOS 0.0.1
2024-02-09 16:25:08,504 [INFO] ThirdParty:1030 - CMSIS Pack Vendor :STMicroelectronics X-CUBE-AZRTOS-G0 1.1.0
2024-02-09 16:25:08,504 [INFO] ThirdParty:1030 - CMSIS Pack Vendor :STMicroelectronics X-CUBE-NFC4 3.0.0
2024-02-09 16:25:08,504 [INFO] ThirdParty:1030 - CMSIS Pack Vendor :STMicroelectronics X-CUBE-SUBG2 5.0.0
2024-02-09 16:25:08,504 [INFO] ThirdParty:1030 - CMSIS Pack Vendor :STMicroelectronics STM32_WPAN 1.0.0
2024-02-09 16:25:08,504 [INFO] ThirdParty:1030 - CMSIS Pack Vendor :STMicroelectronics lwIP 2.0.3
2024-02-09 16:25:08,504 [INFO] ThirdParty:1030 - CMSIS Pack Vendor :STMicroelectronics FP-SNS-FLIGHT1 5.0.2
2024-02-09 16:25:08,504 [INFO] ThirdParty:1030 - CMSIS Pack Vendor :STMicroelectronics USB_HOST 1.0.0
2024-02-09 16:25:08,504 [INFO] ThirdParty:1030 - CMSIS Pack Vendor :STMicroelectronics X-CUBE-AZRTOS-G4 2.0.0
2024-02-09 16:25:08,504 [INFO] ThirdParty:1030 - CMSIS Pack Vendor :STMicroelectronics PDM2PCM 3.1.0
2024-02-09 16:25:08,504 [INFO] ThirdParty:1030 - CMSIS Pack Vendor :Infineon AIROC-Wi-Fi-Bluetooth-STM32 1.5.1
2024-02-09 16:25:08,505 [INFO] ThirdParty:1030 - CMSIS Pack Vendor :STMicroelectronics X-CUBE-BLEMGR 3.0.0
2024-02-09 16:25:08,505 [INFO] ThirdParty:1030 - CMSIS Pack Vendor :STMicroelectronics PDM2PCM 3.3.0
2024-02-09 16:25:08,505 [INFO] ThirdParty:1030 - CMSIS Pack Vendor :STMicroelectronics X-CUBE-DISPLAY 3.0.0
2024-02-09 16:25:08,505 [INFO] ThirdParty:1030 - CMSIS Pack Vendor :STMicroelectronics X-CUBE-BLE1 7.0.0
2024-02-09 16:25:08,505 [INFO] ThirdParty:1030 - CMSIS Pack Vendor :STMicroelectronics FP-ATR-SIGFOX1 3.2.0
2024-02-09 16:25:08,505 [INFO] ThirdParty:1030 - CMSIS Pack Vendor :STMicroelectronics HAL Drivers 0.0.0
2024-02-09 16:25:08,505 [INFO] ThirdParty:1030 - CMSIS Pack Vendor :STMicroelectronics MBEDTLS 2.16.2
2024-02-09 16:25:08,505 [INFO] ThirdParty:1030 - CMSIS Pack Vendor :STMicroelectronics X-CUBE-MEMS1 10.0.0
2024-02-09 16:25:08,505 [INFO] ThirdParty:1030 - CMSIS Pack Vendor :STMicroelectronics X-CUBE-FREERTOS 1.1.0
2024-02-09 16:25:08,505 [INFO] ThirdParty:1030 - CMSIS Pack Vendor :STMicroelectronics X-CUBE-NFC7 1.0.1
2024-02-09 16:25:08,505 [INFO] ThirdParty:1030 - CMSIS Pack Vendor :STMicroelectronics MBEDTLS 2.14.1
2024-02-09 16:25:08,505 [INFO] ThirdParty:1030 - CMSIS Pack Vendor :STMicroelectronics X-CUBE-NFC6 3.0.0
2024-02-09 16:25:08,505 [INFO] ThirdParty:1030 - CMSIS Pack Vendor :portGmbH I-Cube-SoM-uGOAL 1.1.0
2024-02-09 16:25:08,505 [INFO] ThirdParty:1030 - CMSIS Pack Vendor :STMicroelectronics X-CUBE-ALS 1.0.1
2024-02-09 16:25:08,505 [INFO] ThirdParty:1030 - CMSIS Pack Vendor :STMicroelectronics ThreadX 1.0.0
2024-02-09 16:25:08,506 [INFO] ThirdParty:1030 - CMSIS Pack Vendor :STMicroelectronics FP-SNS-SMARTAG2 1.2.0
2024-02-09 16:25:08,506 [INFO] ThirdParty:1030 - CMSIS Pack Vendor :STMicroelectronics X-CUBE-AZRTOS-WL 2.0.0
2024-02-09 16:25:08,506 [INFO] ThirdParty:1030 - CMSIS Pack Vendor :SEGGER I-CUBE-embOS 1.3.1
2024-02-09 16:25:08,506 [INFO] ThirdParty:1030 - CMSIS Pack Vendor :STMicroelectronics USB_DEVICE 1.0.0
2024-02-09 16:25:08,506 [INFO] ThirdParty:1030 - CMSIS Pack Vendor :STMicroelectronics X-CUBE-AI 8.1.0
2024-02-09 16:25:08,506 [INFO] ThirdParty:1030 - CMSIS Pack Vendor :STMicroelectronics X-CUBE-AZRTOS-L4 2.0.0
2024-02-09 16:25:08,506 [INFO] ThirdParty:1030 - CMSIS Pack Vendor :STMicroelectronics ThreadX 0.0.2
2024-02-09 16:25:08,506 [INFO] ThirdParty:1030 - CMSIS Pack Vendor :WES I-CUBE-Cesium 1.3.0
2024-02-09 16:25:08,506 [INFO] ThirdParty:1030 - CMSIS Pack Vendor :STMicroelectronics FP-ATR-ASTRA1 2.0.0
2024-02-09 16:25:08,506 [INFO] ThirdParty:1030 - CMSIS Pack Vendor :STMicroelectronics lwIP 2.1.2
2024-02-09 16:25:08,507 [INFO] ThirdParty:1030 - CMSIS Pack Vendor :STMicroelectronics X-CUBE-SFXS2LP1 4.0.0
2024-02-09 16:25:08,507 [INFO] ThirdParty:1030 - CMSIS Pack Vendor :STMicroelectronics X-CUBE-BLE2 3.3.0
2024-02-09 16:25:08,507 [INFO] ThirdParty:1030 - CMSIS Pack Vendor :STMicroelectronics PDM2PCM 3.2.0
2024-02-09 16:25:08,507 [INFO] ThirdParty:841 - exiting critical section [change project]
2024-02-09 16:25:09,100 [INFO] PinOutPanel:1499 - setPackage(No Configuration,No Configuration)
2024-02-09 16:25:09,102 [INFO] PinOutPanel:1499 - setPackage(STM32F407VGTx,LQFP100)
2024-02-09 16:25:09,934 [INFO] UtilMem:75 - Before build in PCC Used Memory: 468819456 Bytes (770703360)
2024-02-09 16:25:10,790 [INFO] UtilMem:75 - After build in PCC Used Memory: 591850080 Bytes (770703360)
2024-02-09 16:25:10,838 [INFO] IPUIPlugin:80 - create IPUIPlugin
2024-02-09 16:25:10,838 [INFO] IPUIPlugin:80 - create IPUIPlugin
2024-02-09 16:25:10,838 [INFO] IPUIPlugin:80 - create IPUIPlugin
2024-02-09 16:25:10,838 [INFO] IPUIPlugin:80 - create IPUIPlugin
2024-02-09 16:25:10,839 [INFO] IPUIPlugin:80 - create IPUIPlugin
2024-02-09 16:25:10,839 [INFO] IPUIPlugin:80 - create IPUIPlugin
2024-02-09 16:25:10,839 [INFO] IPUIPlugin:80 - create IPUIPlugin
2024-02-09 16:25:10,839 [INFO] IPUIPlugin:80 - create IPUIPlugin
2024-02-09 16:25:10,840 [INFO] IPUIPlugin:80 - create IPUIPlugin
2024-02-09 16:25:10,840 [INFO] IPUIPlugin:80 - create IPUIPlugin
2024-02-09 16:25:10,840 [INFO] IPUIPlugin:80 - create IPUIPlugin
2024-02-09 16:25:10,840 [INFO] IPUIPlugin:80 - create IPUIPlugin
2024-02-09 16:25:10,840 [INFO] IPUIPlugin:80 - create IPUIPlugin
2024-02-09 16:25:10,841 [INFO] IPUIPlugin:80 - create IPUIPlugin
2024-02-09 16:25:10,841 [INFO] IPUIPlugin:80 - create IPUIPlugin
2024-02-09 16:25:10,841 [INFO] IPUIPlugin:80 - create IPUIPlugin
2024-02-09 16:25:10,841 [INFO] IPUIPlugin:80 - create IPUIPlugin
2024-02-09 16:25:10,841 [INFO] IPUIPlugin:80 - create IPUIPlugin
2024-02-09 16:25:10,841 [INFO] IPUIPlugin:80 - create IPUIPlugin
2024-02-09 16:25:10,841 [INFO] IPUIPlugin:80 - create IPUIPlugin
2024-02-09 16:25:10,842 [INFO] IPUIPlugin:80 - create IPUIPlugin
2024-02-09 16:25:10,842 [INFO] IPUIPlugin:80 - create IPUIPlugin
2024-02-09 16:25:10,842 [INFO] IPUIPlugin:80 - create IPUIPlugin
2024-02-09 16:25:10,843 [INFO] IPUIPlugin:80 - create IPUIPlugin
2024-02-09 16:25:10,843 [INFO] IPUIPlugin:80 - create IPUIPlugin
2024-02-09 16:25:10,843 [INFO] IPUIPlugin:80 - create IPUIPlugin
2024-02-09 16:25:10,844 [INFO] IPUIPlugin:80 - create IPUIPlugin
2024-02-09 16:25:10,844 [INFO] IPUIPlugin:80 - create IPUIPlugin
2024-02-09 16:25:10,844 [INFO] IPUIPlugin:80 - create IPUIPlugin
2024-02-09 16:25:10,845 [INFO] IPUIPlugin:80 - create IPUIPlugin
2024-02-09 16:25:10,845 [INFO] IPUIPlugin:80 - create IPUIPlugin
2024-02-09 16:25:10,845 [INFO] IPUIPlugin:80 - create IPUIPlugin
2024-02-09 16:25:10,845 [INFO] IPUIPlugin:80 - create IPUIPlugin
2024-02-09 16:25:10,845 [INFO] IPUIPlugin:80 - create IPUIPlugin
2024-02-09 16:25:10,845 [INFO] IPUIPlugin:80 - create IPUIPlugin
2024-02-09 16:25:10,845 [INFO] IPUIPlugin:80 - create IPUIPlugin
2024-02-09 16:25:10,846 [INFO] IPUIPlugin:80 - create IPUIPlugin
2024-02-09 16:25:10,846 [INFO] IPUIPlugin:80 - create IPUIPlugin
2024-02-09 16:25:10,846 [INFO] IPUIPlugin:80 - create IPUIPlugin
2024-02-09 16:25:10,846 [INFO] IPUIPlugin:80 - create IPUIPlugin
2024-02-09 16:25:10,846 [INFO] IPUIPlugin:80 - create IPUIPlugin
2024-02-09 16:25:10,846 [INFO] IPUIPlugin:80 - create IPUIPlugin
2024-02-09 16:25:10,846 [INFO] IPUIPlugin:80 - create IPUIPlugin
2024-02-09 16:25:10,846 [INFO] IPUIPlugin:80 - create IPUIPlugin
2024-02-09 16:25:10,846 [INFO] IPUIPlugin:80 - create IPUIPlugin
2024-02-09 16:25:10,846 [INFO] IPUIPlugin:80 - create IPUIPlugin
2024-02-09 16:25:10,847 [INFO] IPUIPlugin:80 - create IPUIPlugin
2024-02-09 16:25:10,847 [INFO] IPUIPlugin:80 - create IPUIPlugin
2024-02-09 16:25:10,847 [INFO] IPUIPlugin:80 - create IPUIPlugin
2024-02-09 16:25:10,848 [INFO] IPUIPlugin:80 - create IPUIPlugin
2024-02-09 16:25:10,848 [INFO] IPUIPlugin:80 - create IPUIPlugin
2024-02-09 16:25:10,849 [INFO] IPUIPlugin:80 - create IPUIPlugin
2024-02-09 16:25:10,849 [INFO] IPUIPlugin:80 - create IPUIPlugin
2024-02-09 16:25:10,850 [INFO] IPUIPlugin:80 - create IPUIPlugin
2024-02-09 16:25:10,850 [INFO] IPUIPlugin:80 - create IPUIPlugin
2024-02-09 16:25:10,851 [INFO] IPUIPlugin:80 - create IPUIPlugin
2024-02-09 16:25:10,852 [INFO] IPUIPlugin:80 - create IPUIPlugin
2024-02-09 16:25:10,852 [INFO] IPUIPlugin:80 - create IPUIPlugin
2024-02-09 16:25:10,896 [INFO] ApiDbMcu:508 - Load IP Config File for PDM2PCM
2024-02-09 16:25:10,907 [INFO] Can:71 - Can Add PropertyChangeListener com.st.microxplorer.plugins.ip.can.Can@49925890
2024-02-09 16:25:11,192 [INFO] CADModel:165 - CPN selected for project levelSTM32F407VGT6
2024-02-09 16:25:11,192 [INFO] CADModel:114 - Register for checkConnection events
2024-02-09 16:25:11,235 [INFO] OpenFileManager:343 - Restore cursor
2024-02-09 16:26:14,162 [INFO] UtilMem:75 - End SaveConfig() Used Memory: 589468672 Bytes (951058432)
2024-02-09 16:26:24,358 [INFO] UtilMem:75 - End SaveConfig() Used Memory: 625644544 Bytes (951058432)
2024-02-09 16:26:24,538 [INFO] UtilMem:75 - End SaveConfig() Used Memory: 680276576 Bytes (951058432)
2024-02-09 16:26:25,406 [INFO] BlockDiagram:2759 - set Specific Code input for plugin: CAN
2024-02-09 16:26:25,407 [INFO] BlockDiagram:2759 - set Specific Code input for plugin: SYS
2024-02-09 16:26:25,407 [INFO] BlockDiagram:2759 - set Specific Code input for plugin: RCC
2024-02-09 16:26:25,407 [INFO] BlockDiagram:2759 - set Specific Code input for plugin: NVIC
2024-02-09 16:26:25,407 [INFO] BlockDiagram:2759 - set Specific Code input for plugin: GPIO
2024-02-09 16:26:25,408 [INFO] CodeGenerator:807 - code generatio: config db path: /opt/st/stm32cubeide_1.14.0/plugins/com.st.stm32cube.common.mx_6.10.0.202311202037//db/
2024-02-09 16:26:26,076 [INFO] CodeEngine:255 - oldGeneratedFile, /home/om/GitHub/Veh_Safety_CAN_IoT/CAN_VERSION/VERSION_1/Rx2/MXTmpFiles/license.tmp_save
2024-02-09 16:26:26,536 [INFO] CodeEngine:279 - Generated code: /home/om/GitHub/Veh_Safety_CAN_IoT/CAN_VERSION/VERSION_1/Rx2/MXTmpFiles/license.tmp
2024-02-09 16:26:26,644 [INFO] CodeEngine:255 - oldGeneratedFile, /home/om/GitHub/Veh_Safety_CAN_IoT/CAN_VERSION/VERSION_1/Rx2/MXTmpFiles/gpio.tmp_save
2024-02-09 16:26:26,794 [INFO] CodeEngine:279 - Generated code: /home/om/GitHub/Veh_Safety_CAN_IoT/CAN_VERSION/VERSION_1/Rx2/MXTmpFiles/gpio.tmp
2024-02-09 16:26:26,893 [INFO] CodeEngine:255 - oldGeneratedFile, /home/om/GitHub/Veh_Safety_CAN_IoT/CAN_VERSION/VERSION_1/Rx2/Core/Src/stm32f4xx_it.c_save
2024-02-09 16:26:27,068 [INFO] CodeEngine:279 - Generated code: /home/om/GitHub/Veh_Safety_CAN_IoT/CAN_VERSION/VERSION_1/Rx2/Core/Src/stm32f4xx_it.c
2024-02-09 16:26:27,070 [INFO] CodeEngine:255 - oldGeneratedFile, /home/om/GitHub/Veh_Safety_CAN_IoT/CAN_VERSION/VERSION_1/Rx2/Core/Inc/stm32f4xx_it.h_save
2024-02-09 16:26:27,179 [INFO] CodeEngine:279 - Generated code: /home/om/GitHub/Veh_Safety_CAN_IoT/CAN_VERSION/VERSION_1/Rx2/Core/Inc/stm32f4xx_it.h
2024-02-09 16:26:27,186 [INFO] CodeEngine:255 - oldGeneratedFile, /home/om/GitHub/Veh_Safety_CAN_IoT/CAN_VERSION/VERSION_1/Rx2/Core/Src/stm32f4xx_hal_msp.c_save
2024-02-09 16:26:27,397 [INFO] CodeEngine:279 - Generated code: /home/om/GitHub/Veh_Safety_CAN_IoT/CAN_VERSION/VERSION_1/Rx2/Core/Src/stm32f4xx_hal_msp.c
2024-02-09 16:26:27,399 [INFO] CodeEngine:255 - oldGeneratedFile, /home/om/GitHub/Veh_Safety_CAN_IoT/CAN_VERSION/VERSION_1/Rx2/MXTmpFiles/system.tmp_save
2024-02-09 16:26:27,511 [INFO] CodeEngine:279 - Generated code: /home/om/GitHub/Veh_Safety_CAN_IoT/CAN_VERSION/VERSION_1/Rx2/MXTmpFiles/system.tmp
2024-02-09 16:26:27,516 [INFO] CodeEngine:311 - oldGeneratedFile, /home/om/GitHub/Veh_Safety_CAN_IoT/CAN_VERSION/VERSION_1/Rx2/Core/Inc/stm32f4xx_hal_conf.h_save
2024-02-09 16:26:27,617 [INFO] CodeEngine:335 - Generated code: /home/om/GitHub/Veh_Safety_CAN_IoT/CAN_VERSION/VERSION_1/Rx2/Core/Inc/stm32f4xx_hal_conf.h
2024-02-09 16:26:27,679 [INFO] CodeEngine:255 - oldGeneratedFile, /home/om/GitHub/Veh_Safety_CAN_IoT/CAN_VERSION/VERSION_1/Rx2/Core/Inc/main.h_save
2024-02-09 16:26:27,836 [INFO] CodeEngine:279 - Generated code: /home/om/GitHub/Veh_Safety_CAN_IoT/CAN_VERSION/VERSION_1/Rx2/Core/Inc/main.h
2024-02-09 16:26:27,839 [INFO] CodeEngine:255 - oldGeneratedFile, /home/om/GitHub/Veh_Safety_CAN_IoT/CAN_VERSION/VERSION_1/Rx2/Core/Src/main.c_save
2024-02-09 16:26:28,068 [INFO] CodeEngine:279 - Generated code: /home/om/GitHub/Veh_Safety_CAN_IoT/CAN_VERSION/VERSION_1/Rx2/Core/Src/main.c
2024-02-09 16:26:28,848 [INFO] ProjectBuilder:3076 - Time for Copy HAL[1] : 28mS.
2024-02-09 16:26:28,854 [INFO] ProjectBuilder:4485 - Project Generator version: 4.2.0-B44
2024-02-09 16:26:29,249 [INFO] ConfigFileManager:1495 - The Die is : DIE413
2024-02-09 16:26:29,267 [INFO] ApiDbMcu:508 - Load IP Config File for FATFS
2024-02-09 16:26:29,301 [INFO] ApiDbMcu:508 - Load IP Config File for FREERTOS
2024-02-09 16:26:29,308 [INFO] ApiDbMcu:508 - Load IP Config File for LIBJPEG
2024-02-09 16:26:29,383 [INFO] ApiDbMcu:508 - Load IP Config File for LWIP
2024-02-09 16:26:29,427 [INFO] ApiDbMcu:508 - Load IP Config File for MBEDTLS
2024-02-09 16:26:29,470 [INFO] ApiDbMcu:508 - Load IP Config File for USB_DEVICE
2024-02-09 16:26:29,483 [INFO] ApiDbMcu:508 - Load IP Config File for USB_HOST
2024-02-09 16:26:30,451 [INFO] LogOutputStream:77 - [STDOUT_REDIRECT] 
2024-02-09 16:26:31,560 [INFO] ProjectBuilder:4747 - Time for Generating toolchain IDE Files: 2706mS.
2024-02-09 16:26:31,561 [INFO] ProjectBuilder:2947 - Time for Copy CMSIS : 0mS.
2024-02-09 16:26:31,561 [INFO] ProjectBuilder:2947 - Time for Copy CMSIS : 0mS.
2024-02-09 16:27:46,244 [ERROR] LogOutputStream:75 - [STDERR_REDIRECT] 
