2024-02-08 14:50:55,853 [INFO] Activator:176 - 


2024-02-08 14:50:55,855 [INFO] Activator:177 - !SESSION log4j initialized
2024-02-08 14:50:58,033 [INFO] LogOutputStream:77 - [STDOUT_REDIRECT] 
2024-02-08 14:51:05,057 [INFO] ApplicationProperties:184 - Using Application install path: /opt/st/stm32cubeide_1.14.0/plugins/com.st.stm32cube.common.mx_6.10.0.202311202037
2024-02-08 14:51:05,071 [INFO] DbMcusXml:78 - Set database path to: /opt/st/stm32cubeide_1.14.0/plugins/com.st.stm32cube.common.mx_6.10.0.202311202037//db//mcu/
2024-02-08 14:51:05,072 [INFO] ApiDb:274 - Set plugin database path to: /opt/st/stm32cubeide_1.14.0/plugins/com.st.stm32cube.common.mx_6.10.0.202311202037//db//plugins/boardmanager/
2024-02-08 14:51:05,072 [WARN] ApiDb:259 - Overriding images path with different value:  => /opt/st/stm32cubeide_1.14.0/plugins/com.st.stm32cube.common.mx_6.10.0.202311202037//db//plugins/mcufinder/images/
2024-02-08 14:51:05,076 [INFO] ApiDb:250 - Set database path to: /home/om/.stmcufinder/plugins/mcufinder//mcu/
2024-02-08 14:51:05,077 [INFO] DbMcusAds:125 - Set database path to: /home/om/.stmcufinder/plugins/mcufinder//mcu/
2024-02-08 14:51:05,079 [INFO] CrossReferenceDbSqlite:203 - Set database path to: /home/om/.stmcufinder/plugins/mcufinder//mcu/cs/
2024-02-08 14:51:05,181 [INFO] RulesReader:64 - Compatibility file has been processed (297 Rules)
2024-02-08 14:51:05,233 [INFO] DbMcusXml:78 - Set database path to: /opt/st/stm32cubeide_1.14.0/plugins/com.st.stm32cube.common.mx_6.10.0.202311202037//db//mcu/
2024-02-08 14:51:05,233 [INFO] ApiDb:274 - Set plugin database path to: /opt/st/stm32cubeide_1.14.0/plugins/com.st.stm32cube.common.mx_6.10.0.202311202037//db//plugins/boardmanager/
2024-02-08 14:51:05,234 [INFO] ApiDb:261 - Set plugin images path to: /opt/st/stm32cubeide_1.14.0/plugins/com.st.stm32cube.common.mx_6.10.0.202311202037//db//plugins/mcufinder/images/
2024-02-08 14:51:05,234 [WARN] DbFile:41 - Overriding database path with different value: /home/om/.stmcufinder/plugins/mcufinder/ => /home/om/.stmcufinder/plugins/mcufinder
2024-02-08 14:51:05,234 [INFO] ApiDb:250 - Set database path to: /home/om/.stmcufinder/plugins/mcufinder//mcu/
2024-02-08 14:51:05,234 [WARN] DbFile:41 - Overriding database path with different value: /home/om/.stmcufinder/plugins/mcufinder/ => /home/om/.stmcufinder/plugins/mcufinder
2024-02-08 14:51:05,234 [INFO] DbMcusAds:125 - Set database path to: /home/om/.stmcufinder/plugins/mcufinder//mcu/
2024-02-08 14:51:05,234 [WARN] DbFile:41 - Overriding database path with different value: /home/om/.stmcufinder/plugins/mcufinder/ => /home/om/.stmcufinder/plugins/mcufinder
2024-02-08 14:51:05,234 [WARN] DbFile:41 - Overriding database path with different value: /home/om/.stmcufinder/plugins/mcufinder/ => /home/om/.stmcufinder/plugins/mcufinder
2024-02-08 14:51:05,235 [INFO] CrossReferenceDbSqlite:203 - Set database path to: /home/om/.stmcufinder/plugins/mcufinder//mcu/cs/
2024-02-08 14:51:05,288 [INFO] MainPanel:264 - HeapMemory: 268435456
2024-02-08 14:51:05,349 [INFO] DbMcusXml:78 - Set database path to: /opt/st/stm32cubeide_1.14.0/plugins/com.st.stm32cube.common.mx_6.10.0.202311202037//db//mcu/
2024-02-08 14:51:05,349 [INFO] ApiDb:274 - Set plugin database path to: /opt/st/stm32cubeide_1.14.0/plugins/com.st.stm32cube.common.mx_6.10.0.202311202037//db//plugins/boardmanager/
2024-02-08 14:51:05,349 [INFO] ApiDb:261 - Set plugin images path to: /opt/st/stm32cubeide_1.14.0/plugins/com.st.stm32cube.common.mx_6.10.0.202311202037//db//plugins/mcufinder/images/
2024-02-08 14:51:05,350 [WARN] DbFile:41 - Overriding database path with different value: /home/om/.stmcufinder/plugins/mcufinder/ => /home/om/.stmcufinder/plugins/mcufinder
2024-02-08 14:51:05,350 [INFO] ApiDb:250 - Set database path to: /home/om/.stmcufinder/plugins/mcufinder//mcu/
2024-02-08 14:51:05,350 [WARN] DbFile:41 - Overriding database path with different value: /home/om/.stmcufinder/plugins/mcufinder/ => /home/om/.stmcufinder/plugins/mcufinder
2024-02-08 14:51:05,350 [INFO] DbMcusAds:125 - Set database path to: /home/om/.stmcufinder/plugins/mcufinder//mcu/
2024-02-08 14:51:05,350 [WARN] DbFile:41 - Overriding database path with different value: /home/om/.stmcufinder/plugins/mcufinder/ => /home/om/.stmcufinder/plugins/mcufinder
2024-02-08 14:51:05,350 [WARN] DbFile:41 - Overriding database path with different value: /home/om/.stmcufinder/plugins/mcufinder/ => /home/om/.stmcufinder/plugins/mcufinder
2024-02-08 14:51:05,350 [INFO] CrossReferenceDbSqlite:203 - Set database path to: /home/om/.stmcufinder/plugins/mcufinder//mcu/cs/
2024-02-08 14:51:05,363 [INFO] ApplicationProperties:184 - Using Application install path: /opt/st/stm32cubeide_1.14.0/plugins/com.st.stm32cube.common.mx_6.10.0.202311202037
2024-02-08 14:51:05,365 [INFO] PluginManage:196 - Search for loadable plugins [exclusion list=, ]
2024-02-08 14:51:05,366 [INFO] PluginManage:310 - Check plugin analytics
2024-02-08 14:51:05,516 [INFO] AnalyticsPlugin:253 - Accepted Software Licenses: 
2024-02-08 14:51:05,516 [INFO] AnalyticsPlugin:255 - Accepted CMSIS Pack Licenses: 
2024-02-08 14:51:05,517 [INFO] AnalyticsPlugin:257 - Accepted Firmware Licenses: FW.F4.1.28.0,FW.F4.1.27.0
2024-02-08 14:51:05,520 [INFO] PluginManage:359 - Loaded plugin analytics (category:tool,tabindex:-1)
2024-02-08 14:51:05,520 [INFO] PluginManage:310 - Check plugin cadmodel
2024-02-08 14:51:05,537 [INFO] CADModel:105 - Init CAD model plugin
2024-02-08 14:51:05,537 [INFO] PluginManage:359 - Loaded plugin cadmodel (category:power,tabindex:5)
2024-02-08 14:51:05,538 [INFO] PluginManage:310 - Check plugin clock
2024-02-08 14:51:05,544 [INFO] PluginManage:359 - Loaded plugin clock (category:base,tabindex:2)
2024-02-08 14:51:05,545 [INFO] PluginManage:310 - Check plugin ddr
2024-02-08 14:51:05,546 [INFO] PluginManage:359 - Loaded plugin ddr (category:tool,tabindex:6)
2024-02-08 14:51:05,546 [INFO] PluginManage:310 - Check plugin filemanager
2024-02-08 14:51:05,667 [INFO] PluginManage:359 - Loaded plugin filemanager (category:base,tabindex:10)
2024-02-08 14:51:05,668 [INFO] PluginManage:310 - Check plugin ipmanager
2024-02-08 14:51:05,673 [INFO] PluginManage:359 - Loaded plugin ipmanager (category:base,tabindex:5)
2024-02-08 14:51:05,673 [INFO] PluginManage:310 - Check plugin lpbam
2024-02-08 14:51:05,680 [INFO] PluginManage:359 - Loaded plugin lpbam (category:base,tabindex:0)
2024-02-08 14:51:05,681 [INFO] PluginManage:310 - Check plugin memorymap
2024-02-08 14:51:05,691 [INFO] PluginManage:359 - Loaded plugin memorymap (category:base,tabindex:4)
2024-02-08 14:51:05,691 [INFO] PluginManage:310 - Check plugin pinoutandconfiguration
2024-02-08 14:51:05,697 [INFO] PluginManage:359 - Loaded plugin pinoutandconfiguration (category:base,tabindex:1)
2024-02-08 14:51:05,697 [INFO] PluginManage:310 - Check plugin pinoutconfig
2024-02-08 14:51:05,773 [WARN] SupportedApi:132 - Cannot load RTOS API schema: s4s-elt-must-match.1: The content of 'definitions' must match (annotation?, (simpleType | complexType)?, (unique | key | keyref)*)). A problem was found starting at: attribute.
2024-02-08 14:51:05,873 [INFO] PluginManage:359 - Loaded plugin pinoutconfig (category:base,tabindex:0)
2024-02-08 14:51:05,874 [INFO] PluginManage:310 - Check plugin power
2024-02-08 14:51:05,880 [INFO] PluginManage:359 - Loaded plugin power (category:power,tabindex:4)
2024-02-08 14:51:05,880 [INFO] PluginManage:310 - Check plugin projectmanager
2024-02-08 14:51:05,892 [INFO] PluginManage:359 - Loaded plugin projectmanager (category:projectmanager,tabindex:3)
2024-02-08 14:51:05,893 [INFO] PluginManage:310 - Check plugin thirdparty
2024-02-08 14:51:05,985 [INFO] PluginManage:359 - Loaded plugin thirdparty (category:base,tabindex:-1)
2024-02-08 14:51:05,984 [WARN] IntegrityCheckThread:84 - waiting for thirdparty lock release [integrity check]
2024-02-08 14:51:05,985 [INFO] PluginManage:310 - Check plugin tools
2024-02-08 14:51:05,985 [INFO] IntegrityCheckThread:86 - entering critical section [integrity check]
2024-02-08 14:51:05,985 [INFO] ThirdPartyUpdaterWithRetryManager:70 - Updater plugin not ready yet. [1/15]
2024-02-08 14:51:05,987 [INFO] PluginManage:359 - Loaded plugin tools (category:base,tabindex:7)
2024-02-08 14:51:05,987 [INFO] PluginManage:310 - Check plugin tutovideos
2024-02-08 14:51:06,121 [INFO] PluginManage:359 - Loaded plugin tutovideos (category:base,tabindex:-1)
2024-02-08 14:51:06,121 [INFO] PluginManage:310 - Check plugin updater
2024-02-08 14:51:06,129 [INFO] PluginManage:359 - Loaded plugin updater (category:base,tabindex:12)
2024-02-08 14:51:06,129 [INFO] PluginManage:310 - Check plugin userauth
2024-02-08 14:51:06,133 [INFO] UserAuth:114 - Init User Auth plugin
2024-02-08 14:51:06,133 [INFO] PluginManage:359 - Loaded plugin userauth (category:base,tabindex:14)
2024-02-08 14:51:06,133 [INFO] PluginManage:283 - PluginManage : Loaded plugins [17]
2024-02-08 14:51:06,307 [INFO] PinOutPanel:1499 - setPackage(No Configuration,No Configuration)
2024-02-08 14:51:06,366 [INFO] CADModel:165 - CPN selected for project level
2024-02-08 14:51:06,367 [INFO] CADModel:114 - Register for checkConnection events
2024-02-08 14:51:06,377 [INFO] IPUIPlugin:80 - create IPUIPlugin
2024-02-08 14:51:06,377 [INFO] PluginManager:220 - loadIPPluginJar : add gtzc
2024-02-08 14:51:06,381 [INFO] IPUIPlugin:80 - create IPUIPlugin
2024-02-08 14:51:06,381 [INFO] PluginManager:220 - loadIPPluginJar : add lorawan
2024-02-08 14:51:06,382 [INFO] IPUIPlugin:80 - create IPUIPlugin
2024-02-08 14:51:06,382 [INFO] PluginManager:220 - loadIPPluginJar : add quadspi
2024-02-08 14:51:06,384 [INFO] IPUIPlugin:80 - create IPUIPlugin
2024-02-08 14:51:06,384 [INFO] PluginManager:220 - loadIPPluginJar : add i2c
2024-02-08 14:51:06,387 [INFO] IPUIPlugin:80 - create IPUIPlugin
2024-02-08 14:51:06,387 [INFO] PluginManager:220 - loadIPPluginJar : add sai
2024-02-08 14:51:06,388 [INFO] IPUIPlugin:80 - create IPUIPlugin
2024-02-08 14:51:06,389 [INFO] PluginManager:220 - loadIPPluginJar : add tim
2024-02-08 14:51:06,390 [INFO] IPUIPlugin:80 - create IPUIPlugin
2024-02-08 14:51:06,390 [INFO] PluginManager:220 - loadIPPluginJar : add comp
2024-02-08 14:51:06,394 [INFO] IPUIPlugin:80 - create IPUIPlugin
2024-02-08 14:51:06,395 [INFO] PluginManager:220 - loadIPPluginJar : add mdma
2024-02-08 14:51:06,397 [INFO] IPUIPlugin:80 - create IPUIPlugin
2024-02-08 14:51:06,397 [INFO] PluginManager:220 - loadIPPluginJar : add gpio
2024-02-08 14:51:06,400 [INFO] IPUIPlugin:80 - create IPUIPlugin
2024-02-08 14:51:06,401 [INFO] PluginManager:220 - loadIPPluginJar : add freertos
2024-02-08 14:51:06,402 [INFO] IPUIPlugin:80 - create IPUIPlugin
2024-02-08 14:51:06,402 [INFO] PluginManager:220 - loadIPPluginJar : add spi
2024-02-08 14:51:06,405 [INFO] IPUIPlugin:80 - create IPUIPlugin
2024-02-08 14:51:06,405 [INFO] PluginManager:220 - loadIPPluginJar : add fmc
2024-02-08 14:51:06,406 [INFO] IPUIPlugin:80 - create IPUIPlugin
2024-02-08 14:51:06,406 [INFO] PluginManager:220 - loadIPPluginJar : add openamp
2024-02-08 14:51:06,407 [INFO] IPUIPlugin:80 - create IPUIPlugin
2024-02-08 14:51:06,408 [INFO] PluginManager:220 - loadIPPluginJar : add tracer_emb
2024-02-08 14:51:06,409 [INFO] IPUIPlugin:80 - create IPUIPlugin
2024-02-08 14:51:06,409 [INFO] PluginManager:220 - loadIPPluginJar : add dma3
2024-02-08 14:51:06,411 [INFO] IPUIPlugin:80 - create IPUIPlugin
2024-02-08 14:51:06,411 [INFO] PluginManager:220 - loadIPPluginJar : add i3c
2024-02-08 14:51:06,412 [INFO] IPUIPlugin:80 - create IPUIPlugin
2024-02-08 14:51:06,412 [INFO] PluginManager:220 - loadIPPluginJar : add i2s
2024-02-08 14:51:06,413 [INFO] IPUIPlugin:80 - create IPUIPlugin
2024-02-08 14:51:06,413 [INFO] PluginManager:220 - loadIPPluginJar : add aes
2024-02-08 14:51:06,415 [INFO] IPUIPlugin:80 - create IPUIPlugin
2024-02-08 14:51:06,415 [INFO] PluginManager:220 - loadIPPluginJar : add usbx
2024-02-08 14:51:06,418 [INFO] IPUIPlugin:80 - create IPUIPlugin
2024-02-08 14:51:06,418 [INFO] PluginManager:220 - loadIPPluginJar : add stm32_wpan
2024-02-08 14:51:06,419 [INFO] IPUIPlugin:80 - create IPUIPlugin
2024-02-08 14:51:06,419 [INFO] PluginManager:220 - loadIPPluginJar : add tsc
2024-02-08 14:51:06,421 [INFO] IPUIPlugin:80 - create IPUIPlugin
2024-02-08 14:51:06,421 [INFO] PluginManager:220 - loadIPPluginJar : add nvic
2024-02-08 14:51:06,423 [INFO] IPUIPlugin:80 - create IPUIPlugin
2024-02-08 14:51:06,423 [INFO] PluginManager:220 - loadIPPluginJar : add ipddr
2024-02-08 14:51:06,425 [INFO] IPUIPlugin:80 - create IPUIPlugin
2024-02-08 14:51:06,425 [INFO] PluginManager:220 - loadIPPluginJar : add cryp
2024-02-08 14:51:06,426 [INFO] IPUIPlugin:80 - create IPUIPlugin
2024-02-08 14:51:06,426 [INFO] PluginManager:220 - loadIPPluginJar : add genericplugin
2024-02-08 14:51:06,430 [INFO] IPUIPlugin:80 - create IPUIPlugin
2024-02-08 14:51:06,430 [INFO] PluginManager:220 - loadIPPluginJar : add gic
2024-02-08 14:51:06,432 [INFO] IPUIPlugin:80 - create IPUIPlugin
2024-02-08 14:51:06,432 [INFO] PluginManager:220 - loadIPPluginJar : add pdm2pcm
2024-02-08 14:51:06,433 [INFO] IPUIPlugin:80 - create IPUIPlugin
2024-02-08 14:51:06,433 [INFO] PluginManager:220 - loadIPPluginJar : add ucpd
2024-02-08 14:51:06,437 [INFO] IPUIPlugin:80 - create IPUIPlugin
2024-02-08 14:51:06,438 [INFO] PluginManager:220 - loadIPPluginJar : add dma
2024-02-08 14:51:06,439 [INFO] IPUIPlugin:80 - create IPUIPlugin
2024-02-08 14:51:06,439 [INFO] PluginManager:220 - loadIPPluginJar : add gfxmmu
2024-02-08 14:51:06,441 [INFO] IPUIPlugin:80 - create IPUIPlugin
2024-02-08 14:51:06,441 [INFO] PluginManager:220 - loadIPPluginJar : add can
2024-02-08 14:51:06,445 [INFO] IPUIPlugin:80 - create IPUIPlugin
2024-02-08 14:51:06,445 [INFO] PluginManager:220 - loadIPPluginJar : add adc
2024-02-08 14:51:06,447 [INFO] IPUIPlugin:80 - create IPUIPlugin
2024-02-08 14:51:06,447 [INFO] PluginManager:220 - loadIPPluginJar : add opamp
2024-02-08 14:51:06,449 [INFO] IPUIPlugin:80 - create IPUIPlugin
2024-02-08 14:51:06,449 [INFO] PluginManager:220 - loadIPPluginJar : add touchsensing
2024-02-08 14:51:06,450 [INFO] IPUIPlugin:80 - create IPUIPlugin
2024-02-08 14:51:06,450 [INFO] PluginManager:220 - loadIPPluginJar : add ltdc
2024-02-08 14:51:06,451 [INFO] IPUIPlugin:80 - create IPUIPlugin
2024-02-08 14:51:06,451 [INFO] PluginManager:220 - loadIPPluginJar : add usart
2024-02-08 14:51:06,455 [INFO] IPUIPlugin:80 - create IPUIPlugin
2024-02-08 14:51:06,457 [INFO] PluginManager:220 - loadIPPluginJar : add plateformsettings
2024-02-08 14:51:06,458 [INFO] IPUIPlugin:80 - create IPUIPlugin
2024-02-08 14:51:06,458 [INFO] PluginManager:220 - loadIPPluginJar : add ts
2024-02-08 14:51:06,459 [INFO] IPUIPlugin:80 - create IPUIPlugin
2024-02-08 14:51:06,459 [INFO] PluginManager:220 - loadIPPluginJar : add fatfs
2024-02-08 14:51:06,464 [INFO] IPUIPlugin:80 - create IPUIPlugin
2024-02-08 14:51:06,465 [INFO] PluginManager:220 - loadIPPluginJar : add linkedlist
2024-02-08 14:51:06,467 [INFO] IPUIPlugin:80 - create IPUIPlugin
2024-02-08 14:51:06,467 [INFO] PluginManager:220 - loadIPPluginJar : add resmgrutility
2024-02-08 14:51:06,468 [INFO] IPUIPlugin:80 - create IPUIPlugin
2024-02-08 14:51:06,468 [INFO] PluginManager:220 - loadIPPluginJar : add hash
2024-02-08 14:51:06,470 [INFO] IPUIPlugin:80 - create IPUIPlugin
2024-02-08 14:51:06,470 [INFO] PluginManager:220 - loadIPPluginJar : add dfsdm
2024-02-08 14:51:06,572 [INFO] CADModel:165 - CPN selected for project level
2024-02-08 14:51:06,573 [INFO] CADModel:114 - Register for checkConnection events
2024-02-08 14:51:06,573 [FATAL] Updater:308 - Updater called before beeing initialized
2024-02-08 14:51:06,574 [ERROR] CADModel:125 - Updater not yet initialized, retry later 
2024-02-08 14:51:06,709 [INFO] CADModel:165 - CPN selected for project level
2024-02-08 14:51:06,709 [INFO] CADModel:114 - Register for checkConnection events
2024-02-08 14:51:06,709 [FATAL] Updater:308 - Updater called before beeing initialized
2024-02-08 14:51:06,709 [ERROR] CADModel:125 - Updater not yet initialized, retry later 
2024-02-08 14:51:06,712 [FATAL] Updater:308 - Updater called before beeing initialized
2024-02-08 14:51:06,817 [FATAL] Updater:308 - Updater called before beeing initialized
2024-02-08 14:51:06,823 [INFO] DbMcusAds:53 - JSON generation date=Wed Nov 29 16:22:27 IST 2023 (1701255147200)
2024-02-08 14:51:06,824 [FATAL] Updater:308 - Updater called before beeing initialized
2024-02-08 14:51:06,863 [WARN] DetailPanel:346 - Failed to get advertising image, set to default
2024-02-08 14:51:06,949 [FATAL] Updater:308 - Updater called before beeing initialized
2024-02-08 14:51:06,950 [FATAL] Updater:308 - Updater called before beeing initialized
2024-02-08 14:51:06,950 [FATAL] Updater:308 - Updater called before beeing initialized
2024-02-08 14:51:06,950 [WARN] DetailPanel:346 - Failed to get advertising image, set to default
2024-02-08 14:51:06,951 [FATAL] Updater:308 - Updater called before beeing initialized
2024-02-08 14:51:06,991 [ERROR] Updater:1120 - MainUpdater not yet initialized. External WinMGr cannot be set.
2024-02-08 14:51:06,993 [INFO] Updater:1056 - Updater Version found : 6.10.0
2024-02-08 14:51:07,015 [INFO] ApplicationProperties:184 - Using Application install path: /opt/st/stm32cubeide_1.14.0/plugins/com.st.stm32cube.common.mx_6.10.0.202311202037
2024-02-08 14:51:07,356 [INFO] MainUpdater:2873 - connection check result : 10
2024-02-08 14:51:07,357 [INFO] MainUpdater:290 - Updater Check For Update Now.
2024-02-08 14:51:07,358 [INFO] MicroXplorer:498 - Change Database Version : DB.6.0.100
2024-02-08 14:51:07,372 [INFO] McuFinderGlobals:63 - Set McuFinder mode to 2 (CubeIDE integrated)
2024-02-08 14:51:07,576 [INFO] CheckServerUpdateThread:120 - End of CheckServer Thread
2024-02-08 14:51:07,650 [INFO] UserAuth:404 - Internet connection configuration mode: 1
2024-02-08 14:51:07,661 [INFO] JxBrowserEngine:152 - Initiate JxBrowser Engine with user profile folder
2024-02-08 14:51:08,181 [INFO] WebApp:161 - Instantiating new browser for Auth
2024-02-08 14:51:08,588 [INFO] WebApp:780 - Register for checkConnection events
2024-02-08 14:51:08,588 [INFO] WebApp:414 - Apply proxy settings
2024-02-08 14:51:08,588 [INFO] WebApp:499 - Chromium requires no authentication
2024-02-08 14:51:08,593 [INFO] WebApp:442 - Direct internet connection detected
2024-02-08 14:51:08,703 [INFO] WebApp:192 - Starting web application
2024-02-08 14:51:08,703 [INFO] WebApp:544 - Web application path used /opt/st/stm32cubeide_1.14.0/plugins/com.st.stm32cube.common.mx_6.10.0.202311202037/db/plugins/mcufinder/reactClient1/index.html
2024-02-08 14:51:09,093 [WARN] PackLoader:240 - Cannot read IP mode file for STMicroelectronics.X-CUBE-SMBUS.2.1.0
2024-02-08 14:51:09,140 [WARN] PackLoader:240 - Cannot read IP mode file for STMicroelectronics.X-CUBE-AZRTOS-F7.1.1.0
2024-02-08 14:51:09,158 [WARN] PackLoader:240 - Cannot read IP mode file for STMicroelectronics.FP-SNS-MOTENV1.4.3.2
2024-02-08 14:51:09,168 [WARN] PackLoader:240 - Cannot read IP mode file for STMicroelectronics.FP-SNS-FLIGHT1.5.0.2
2024-02-08 14:51:09,182 [WARN] PackLoader:240 - Cannot read IP mode file for STMicroelectronics.X-CUBE-DISPLAY.3.0.0
2024-02-08 14:51:09,202 [WARN] PackLoader:240 - Cannot read IP mode file for STMicroelectronics.X-CUBE-BLE1.7.0.0
2024-02-08 14:51:09,209 [WARN] PackLoader:240 - Cannot read IP mode file for STMicroelectronics.FP-SNS-SMARTAG2.1.2.0
2024-02-08 14:51:09,224 [INFO] LogOutputStream:77 - [STDOUT_REDIRECT] 1 : Invalid condition id : UX_CORESTACK_Condition cause : null
2024-02-08 14:51:09,225 [INFO] LogOutputStream:77 - [STDOUT_REDIRECT] 1 : Invalid condition id : UX_CORESTACK_Condition cause : null
2024-02-08 14:51:09,226 [INFO] LogOutputStream:77 - [STDOUT_REDIRECT] 1 : Invalid condition id : UX_CORESTACK_Condition cause : null
2024-02-08 14:51:09,226 [INFO] LogOutputStream:77 - [STDOUT_REDIRECT] 1 : Invalid condition id : UX_CORESTACK_Condition cause : null
2024-02-08 14:51:09,227 [INFO] LogOutputStream:77 - [STDOUT_REDIRECT] 1 : Invalid condition id : UX_CORESTACK_Condition cause : null
2024-02-08 14:51:09,235 [WARN] PackLoader:240 - Cannot read IP mode file for STMicroelectronics.X-CUBE-AZRTOS-WL.2.0.0
2024-02-08 14:51:09,244 [WARN] PackLoader:240 - Cannot read IP mode file for WES.I-CUBE-Cesium.1.3.0
2024-02-08 14:51:09,248 [WARN] PackLoader:240 - Cannot read IP mode file for STMicroelectronics.X-CUBE-BLE2.3.3.0
2024-02-08 14:51:09,254 [WARN] PackLoader:240 - Cannot read IP mode file for STMicroelectronics.X-CUBE-ALGOBUILD.1.3.0
2024-02-08 14:51:09,276 [WARN] PackLoader:240 - Cannot read IP mode file for STMicroelectronics.X-CUBE-AZRTOS-G0.1.1.0
2024-02-08 14:51:09,285 [WARN] PackLoader:240 - Cannot read IP mode file for STMicroelectronics.X-CUBE-NFC4.3.0.0
2024-02-08 14:51:09,301 [WARN] PackLoader:240 - Cannot read IP mode file for STMicroelectronics.X-CUBE-BLEMGR.3.0.0
2024-02-08 14:51:09,309 [WARN] PackLoader:240 - Cannot read IP mode file for STMicroelectronics.FP-ATR-SIGFOX1.3.2.0
2024-02-08 14:51:09,384 [WARN] PackLoader:240 - Cannot read IP mode file for SEGGER.I-CUBE-embOS.1.3.1
2024-02-08 14:51:09,458 [WARN] PackLoader:240 - Cannot read IP mode file for STMicroelectronics.X-CUBE-GNSS1.6.0.0
2024-02-08 14:51:09,483 [WARN] PackLoader:240 - Cannot read IP mode file for STMicroelectronics.X-CUBE-AZRTOS-F4.1.1.0
2024-02-08 14:51:09,522 [WARN] PackLoader:240 - Cannot read IP mode file for STMicroelectronics.X-CUBE-AZRTOS-L5.2.0.0
2024-02-08 14:51:09,533 [WARN] PackLoader:240 - Cannot read IP mode file for STMicroelectronics.X-CUBE-NFC7.1.0.1
2024-02-08 14:51:09,543 [WARN] PackLoader:240 - Cannot read IP mode file for STMicroelectronics.X-CUBE-NFC6.3.0.0
2024-02-08 14:51:09,550 [WARN] PackLoader:240 - Cannot read IP mode file for STMicroelectronics.X-CUBE-AI.8.1.0
2024-02-08 14:51:09,579 [WARN] ConditionMgr:438 - getConditionDescription Invalid condition id : LAN8742 Phy interface Condition cause : null
2024-02-08 14:51:09,580 [WARN] PackLoader:240 - Cannot read IP mode file for STMicroelectronics.X-CUBE-AZRTOS-L4.2.0.0
2024-02-08 14:51:09,583 [WARN] ConditionMgr:1039 - genDependencies : Invalid condition id : LAN8742 Phy interface Condition cause : null
2024-02-08 14:51:09,583 [WARN] ConditionMgr:1039 - genDependencies : Invalid condition id : LAN8742 Phy interface Condition cause : null
2024-02-08 14:51:09,585 [WARN] ConditionMgr:1039 - genDependencies : Invalid condition id : LAN8742 Phy interface Condition cause : null
2024-02-08 14:51:09,593 [WARN] PackLoader:240 - Cannot read IP mode file for STMicroelectronics.X-CUBE-SFXS2LP1.4.0.0
2024-02-08 14:51:09,612 [WARN] ConditionMgr:438 - getConditionDescription Invalid condition id : UX DEVICE CLASS RTOS Condition cause : null
2024-02-08 14:51:09,612 [WARN] ConditionMgr:438 - getConditionDescription Invalid condition id : UX DEVICE CLASS RTOS Condition cause : null
2024-02-08 14:51:09,616 [WARN] PackLoader:240 - Cannot read IP mode file for STMicroelectronics.X-CUBE-AZRTOS-WB.2.0.0
2024-02-08 14:51:09,616 [WARN] ConditionMgr:1039 - genDependencies : Invalid condition id : UX DEVICE CLASS RTOS Condition cause : null
2024-02-08 14:51:09,616 [WARN] ConditionMgr:1039 - genDependencies : Invalid condition id : UX DEVICE CLASS RTOS Condition cause : null
2024-02-08 14:51:09,617 [WARN] ConditionMgr:1039 - genDependencies : Invalid condition id : UX DEVICE CLASS RTOS Condition cause : null
2024-02-08 14:51:09,618 [WARN] ConditionMgr:1039 - genDependencies : Invalid condition id : UX DEVICE CLASS RTOS Condition cause : null
2024-02-08 14:51:09,618 [WARN] ConditionMgr:1039 - genDependencies : Invalid condition id : UX DEVICE CLASS RTOS Condition cause : null
2024-02-08 14:51:09,628 [WARN] PackLoader:240 - Cannot read IP mode file for STMicroelectronics.X-CUBE-SUBG2.5.0.0
2024-02-08 14:51:09,663 [WARN] PackLoader:240 - Cannot read IP mode file for STMicroelectronics.X-CUBE-AZRTOS-G4.2.0.0
2024-02-08 14:51:09,678 [WARN] PackLoader:240 - Cannot read IP mode file for Infineon.AIROC-Wi-Fi-Bluetooth-STM32.1.5.1
2024-02-08 14:51:09,729 [WARN] PackLoader:240 - Cannot read IP mode file for STMicroelectronics.X-CUBE-MEMS1.10.0.0
2024-02-08 14:51:09,919 [WARN] PackLoader:240 - Cannot read IP mode file for STMicroelectronics.X-CUBE-FREERTOS.1.1.0
2024-02-08 14:51:09,923 [WARN] PackLoader:240 - Cannot read IP mode file for portGmbH.I-Cube-SoM-uGOAL.1.1.0
2024-02-08 14:51:09,927 [WARN] PackLoader:240 - Cannot read IP mode file for STMicroelectronics.X-CUBE-ALS.1.0.1
2024-02-08 14:51:09,930 [WARN] PackLoader:240 - Cannot read IP mode file for STMicroelectronics.FP-ATR-ASTRA1.2.0.0
2024-02-08 14:51:09,931 [INFO] ThirdParty:978 - Integrity check success = true
2024-02-08 14:51:09,931 [INFO] IntegrityCheckThread:100 - exiting critical section [integrity check]
2024-02-08 14:51:09,931 [INFO] IntegrityCheckThread:103 - End integrity checks thread
2024-02-08 14:51:11,839 [ERROR] LogOutputStream:75 - [STDERR_REDIRECT] 
