2024-02-06 14:25:55,228 [INFO] Activator:176 - 


2024-02-06 14:25:55,229 [INFO] Activator:177 - !SESSION log4j initialized
2024-02-06 14:25:56,729 [INFO] LogOutputStream:77 - [STDOUT_REDIRECT] 
2024-02-06 14:25:59,529 [INFO] ApplicationProperties:184 - Using Application install path: /opt/st/stm32cubeide_1.14.0/plugins/com.st.stm32cube.common.mx_6.10.0.202311202037
2024-02-06 14:25:59,555 [INFO] DbMcusXml:78 - Set database path to: /opt/st/stm32cubeide_1.14.0/plugins/com.st.stm32cube.common.mx_6.10.0.202311202037//db//mcu/
2024-02-06 14:25:59,555 [INFO] ApiDb:274 - Set plugin database path to: /opt/st/stm32cubeide_1.14.0/plugins/com.st.stm32cube.common.mx_6.10.0.202311202037//db//plugins/boardmanager/
2024-02-06 14:25:59,556 [WARN] ApiDb:259 - Overriding images path with different value:  => /opt/st/stm32cubeide_1.14.0/plugins/com.st.stm32cube.common.mx_6.10.0.202311202037//db//plugins/mcufinder/images/
2024-02-06 14:25:59,565 [INFO] ApiDb:250 - Set database path to: /home/om/.stmcufinder/plugins/mcufinder//mcu/
2024-02-06 14:25:59,566 [INFO] DbMcusAds:125 - Set database path to: /home/om/.stmcufinder/plugins/mcufinder//mcu/
2024-02-06 14:25:59,569 [INFO] CrossReferenceDbSqlite:203 - Set database path to: /home/om/.stmcufinder/plugins/mcufinder//mcu/cs/
2024-02-06 14:25:59,703 [INFO] RulesReader:64 - Compatibility file has been processed (297 Rules)
2024-02-06 14:25:59,790 [INFO] DbMcusXml:78 - Set database path to: /opt/st/stm32cubeide_1.14.0/plugins/com.st.stm32cube.common.mx_6.10.0.202311202037//db//mcu/
2024-02-06 14:25:59,791 [INFO] ApiDb:274 - Set plugin database path to: /opt/st/stm32cubeide_1.14.0/plugins/com.st.stm32cube.common.mx_6.10.0.202311202037//db//plugins/boardmanager/
2024-02-06 14:25:59,791 [INFO] ApiDb:261 - Set plugin images path to: /opt/st/stm32cubeide_1.14.0/plugins/com.st.stm32cube.common.mx_6.10.0.202311202037//db//plugins/mcufinder/images/
2024-02-06 14:25:59,792 [WARN] DbFile:41 - Overriding database path with different value: /home/om/.stmcufinder/plugins/mcufinder/ => /home/om/.stmcufinder/plugins/mcufinder
2024-02-06 14:25:59,792 [INFO] ApiDb:250 - Set database path to: /home/om/.stmcufinder/plugins/mcufinder//mcu/
2024-02-06 14:25:59,792 [WARN] DbFile:41 - Overriding database path with different value: /home/om/.stmcufinder/plugins/mcufinder/ => /home/om/.stmcufinder/plugins/mcufinder
2024-02-06 14:25:59,792 [INFO] DbMcusAds:125 - Set database path to: /home/om/.stmcufinder/plugins/mcufinder//mcu/
2024-02-06 14:25:59,792 [WARN] DbFile:41 - Overriding database path with different value: /home/om/.stmcufinder/plugins/mcufinder/ => /home/om/.stmcufinder/plugins/mcufinder
2024-02-06 14:25:59,792 [WARN] DbFile:41 - Overriding database path with different value: /home/om/.stmcufinder/plugins/mcufinder/ => /home/om/.stmcufinder/plugins/mcufinder
2024-02-06 14:25:59,793 [INFO] CrossReferenceDbSqlite:203 - Set database path to: /home/om/.stmcufinder/plugins/mcufinder//mcu/cs/
2024-02-06 14:25:59,901 [INFO] MainPanel:264 - HeapMemory: 268435456
2024-02-06 14:26:00,021 [INFO] DbMcusXml:78 - Set database path to: /opt/st/stm32cubeide_1.14.0/plugins/com.st.stm32cube.common.mx_6.10.0.202311202037//db//mcu/
2024-02-06 14:26:00,021 [INFO] ApiDb:274 - Set plugin database path to: /opt/st/stm32cubeide_1.14.0/plugins/com.st.stm32cube.common.mx_6.10.0.202311202037//db//plugins/boardmanager/
2024-02-06 14:26:00,021 [INFO] ApiDb:261 - Set plugin images path to: /opt/st/stm32cubeide_1.14.0/plugins/com.st.stm32cube.common.mx_6.10.0.202311202037//db//plugins/mcufinder/images/
2024-02-06 14:26:00,022 [WARN] DbFile:41 - Overriding database path with different value: /home/om/.stmcufinder/plugins/mcufinder/ => /home/om/.stmcufinder/plugins/mcufinder
2024-02-06 14:26:00,022 [INFO] ApiDb:250 - Set database path to: /home/om/.stmcufinder/plugins/mcufinder//mcu/
2024-02-06 14:26:00,022 [WARN] DbFile:41 - Overriding database path with different value: /home/om/.stmcufinder/plugins/mcufinder/ => /home/om/.stmcufinder/plugins/mcufinder
2024-02-06 14:26:00,022 [INFO] DbMcusAds:125 - Set database path to: /home/om/.stmcufinder/plugins/mcufinder//mcu/
2024-02-06 14:26:00,023 [WARN] DbFile:41 - Overriding database path with different value: /home/om/.stmcufinder/plugins/mcufinder/ => /home/om/.stmcufinder/plugins/mcufinder
2024-02-06 14:26:00,023 [WARN] DbFile:41 - Overriding database path with different value: /home/om/.stmcufinder/plugins/mcufinder/ => /home/om/.stmcufinder/plugins/mcufinder
2024-02-06 14:26:00,023 [INFO] CrossReferenceDbSqlite:203 - Set database path to: /home/om/.stmcufinder/plugins/mcufinder//mcu/cs/
2024-02-06 14:26:00,040 [INFO] ApplicationProperties:184 - Using Application install path: /opt/st/stm32cubeide_1.14.0/plugins/com.st.stm32cube.common.mx_6.10.0.202311202037
2024-02-06 14:26:00,042 [INFO] PluginManage:196 - Search for loadable plugins [exclusion list=, ]
2024-02-06 14:26:00,043 [INFO] PluginManage:310 - Check plugin analytics
2024-02-06 14:26:00,266 [INFO] AnalyticsPlugin:253 - Accepted Software Licenses: 
2024-02-06 14:26:00,266 [INFO] AnalyticsPlugin:255 - Accepted CMSIS Pack Licenses: 
2024-02-06 14:26:00,267 [INFO] AnalyticsPlugin:257 - Accepted Firmware Licenses: FW.F4.1.28.0,FW.F4.1.27.0
2024-02-06 14:26:00,272 [INFO] PluginManage:359 - Loaded plugin analytics (category:tool,tabindex:-1)
2024-02-06 14:26:00,273 [INFO] PluginManage:310 - Check plugin cadmodel
2024-02-06 14:26:00,305 [INFO] CADModel:105 - Init CAD model plugin
2024-02-06 14:26:00,305 [INFO] PluginManage:359 - Loaded plugin cadmodel (category:power,tabindex:5)
2024-02-06 14:26:00,305 [INFO] PluginManage:310 - Check plugin clock
2024-02-06 14:26:00,321 [INFO] PluginManage:359 - Loaded plugin clock (category:base,tabindex:2)
2024-02-06 14:26:00,321 [INFO] PluginManage:310 - Check plugin ddr
2024-02-06 14:26:00,323 [INFO] PluginManage:359 - Loaded plugin ddr (category:tool,tabindex:6)
2024-02-06 14:26:00,323 [INFO] PluginManage:310 - Check plugin filemanager
2024-02-06 14:26:00,438 [INFO] PluginManage:359 - Loaded plugin filemanager (category:base,tabindex:10)
2024-02-06 14:26:00,438 [INFO] PluginManage:310 - Check plugin ipmanager
2024-02-06 14:26:00,442 [INFO] PluginManage:359 - Loaded plugin ipmanager (category:base,tabindex:5)
2024-02-06 14:26:00,442 [INFO] PluginManage:310 - Check plugin lpbam
2024-02-06 14:26:00,449 [INFO] PluginManage:359 - Loaded plugin lpbam (category:base,tabindex:0)
2024-02-06 14:26:00,449 [INFO] PluginManage:310 - Check plugin memorymap
2024-02-06 14:26:00,458 [INFO] PluginManage:359 - Loaded plugin memorymap (category:base,tabindex:4)
2024-02-06 14:26:00,458 [INFO] PluginManage:310 - Check plugin pinoutandconfiguration
2024-02-06 14:26:00,464 [INFO] PluginManage:359 - Loaded plugin pinoutandconfiguration (category:base,tabindex:1)
2024-02-06 14:26:00,464 [INFO] PluginManage:310 - Check plugin pinoutconfig
2024-02-06 14:26:00,544 [WARN] SupportedApi:132 - Cannot load RTOS API schema: s4s-elt-must-match.1: The content of 'definitions' must match (annotation?, (simpleType | complexType)?, (unique | key | keyref)*)). A problem was found starting at: attribute.
2024-02-06 14:26:00,640 [INFO] PluginManage:359 - Loaded plugin pinoutconfig (category:base,tabindex:0)
2024-02-06 14:26:00,640 [INFO] PluginManage:310 - Check plugin power
2024-02-06 14:26:00,645 [INFO] PluginManage:359 - Loaded plugin power (category:power,tabindex:4)
2024-02-06 14:26:00,645 [INFO] PluginManage:310 - Check plugin projectmanager
2024-02-06 14:26:00,656 [INFO] PluginManage:359 - Loaded plugin projectmanager (category:projectmanager,tabindex:3)
2024-02-06 14:26:00,657 [INFO] PluginManage:310 - Check plugin thirdparty
2024-02-06 14:26:00,814 [INFO] PluginManage:359 - Loaded plugin thirdparty (category:base,tabindex:-1)
2024-02-06 14:26:00,814 [WARN] IntegrityCheckThread:84 - waiting for thirdparty lock release [integrity check]
2024-02-06 14:26:00,818 [INFO] PluginManage:310 - Check plugin tools
2024-02-06 14:26:00,818 [INFO] IntegrityCheckThread:86 - entering critical section [integrity check]
2024-02-06 14:26:00,819 [INFO] ThirdPartyUpdaterWithRetryManager:70 - Updater plugin not ready yet. [1/15]
2024-02-06 14:26:00,821 [INFO] PluginManage:359 - Loaded plugin tools (category:base,tabindex:7)
2024-02-06 14:26:00,821 [INFO] PluginManage:310 - Check plugin tutovideos
2024-02-06 14:26:00,950 [INFO] PluginManage:359 - Loaded plugin tutovideos (category:base,tabindex:-1)
2024-02-06 14:26:00,950 [INFO] PluginManage:310 - Check plugin updater
2024-02-06 14:26:00,956 [INFO] PluginManage:359 - Loaded plugin updater (category:base,tabindex:12)
2024-02-06 14:26:00,957 [INFO] PluginManage:310 - Check plugin userauth
2024-02-06 14:26:00,960 [INFO] UserAuth:114 - Init User Auth plugin
2024-02-06 14:26:00,960 [INFO] PluginManage:359 - Loaded plugin userauth (category:base,tabindex:14)
2024-02-06 14:26:00,961 [INFO] PluginManage:283 - PluginManage : Loaded plugins [17]
2024-02-06 14:26:01,100 [INFO] PinOutPanel:1499 - setPackage(No Configuration,No Configuration)
2024-02-06 14:26:01,145 [INFO] CADModel:165 - CPN selected for project level
2024-02-06 14:26:01,145 [INFO] CADModel:114 - Register for checkConnection events
2024-02-06 14:26:01,152 [INFO] IPUIPlugin:80 - create IPUIPlugin
2024-02-06 14:26:01,152 [INFO] PluginManager:220 - loadIPPluginJar : add gtzc
2024-02-06 14:26:01,156 [INFO] IPUIPlugin:80 - create IPUIPlugin
2024-02-06 14:26:01,156 [INFO] PluginManager:220 - loadIPPluginJar : add lorawan
2024-02-06 14:26:01,157 [INFO] IPUIPlugin:80 - create IPUIPlugin
2024-02-06 14:26:01,157 [INFO] PluginManager:220 - loadIPPluginJar : add quadspi
2024-02-06 14:26:01,159 [INFO] IPUIPlugin:80 - create IPUIPlugin
2024-02-06 14:26:01,159 [INFO] PluginManager:220 - loadIPPluginJar : add i2c
2024-02-06 14:26:01,162 [INFO] IPUIPlugin:80 - create IPUIPlugin
2024-02-06 14:26:01,162 [INFO] PluginManager:220 - loadIPPluginJar : add sai
2024-02-06 14:26:01,163 [INFO] IPUIPlugin:80 - create IPUIPlugin
2024-02-06 14:26:01,163 [INFO] PluginManager:220 - loadIPPluginJar : add tim
2024-02-06 14:26:01,165 [INFO] IPUIPlugin:80 - create IPUIPlugin
2024-02-06 14:26:01,165 [INFO] PluginManager:220 - loadIPPluginJar : add comp
2024-02-06 14:26:01,169 [INFO] IPUIPlugin:80 - create IPUIPlugin
2024-02-06 14:26:01,169 [INFO] PluginManager:220 - loadIPPluginJar : add mdma
2024-02-06 14:26:01,172 [INFO] IPUIPlugin:80 - create IPUIPlugin
2024-02-06 14:26:01,172 [INFO] PluginManager:220 - loadIPPluginJar : add gpio
2024-02-06 14:26:01,176 [INFO] IPUIPlugin:80 - create IPUIPlugin
2024-02-06 14:26:01,176 [INFO] PluginManager:220 - loadIPPluginJar : add freertos
2024-02-06 14:26:01,177 [INFO] IPUIPlugin:80 - create IPUIPlugin
2024-02-06 14:26:01,177 [INFO] PluginManager:220 - loadIPPluginJar : add spi
2024-02-06 14:26:01,180 [INFO] IPUIPlugin:80 - create IPUIPlugin
2024-02-06 14:26:01,180 [INFO] PluginManager:220 - loadIPPluginJar : add fmc
2024-02-06 14:26:01,182 [INFO] IPUIPlugin:80 - create IPUIPlugin
2024-02-06 14:26:01,182 [INFO] PluginManager:220 - loadIPPluginJar : add openamp
2024-02-06 14:26:01,184 [INFO] IPUIPlugin:80 - create IPUIPlugin
2024-02-06 14:26:01,184 [INFO] PluginManager:220 - loadIPPluginJar : add tracer_emb
2024-02-06 14:26:01,186 [INFO] IPUIPlugin:80 - create IPUIPlugin
2024-02-06 14:26:01,186 [INFO] PluginManager:220 - loadIPPluginJar : add dma3
2024-02-06 14:26:01,188 [INFO] IPUIPlugin:80 - create IPUIPlugin
2024-02-06 14:26:01,188 [INFO] PluginManager:220 - loadIPPluginJar : add i3c
2024-02-06 14:26:01,190 [INFO] IPUIPlugin:80 - create IPUIPlugin
2024-02-06 14:26:01,190 [INFO] PluginManager:220 - loadIPPluginJar : add i2s
2024-02-06 14:26:01,191 [INFO] IPUIPlugin:80 - create IPUIPlugin
2024-02-06 14:26:01,192 [INFO] PluginManager:220 - loadIPPluginJar : add aes
2024-02-06 14:26:01,193 [INFO] IPUIPlugin:80 - create IPUIPlugin
2024-02-06 14:26:01,193 [INFO] PluginManager:220 - loadIPPluginJar : add usbx
2024-02-06 14:26:01,197 [INFO] IPUIPlugin:80 - create IPUIPlugin
2024-02-06 14:26:01,197 [INFO] PluginManager:220 - loadIPPluginJar : add stm32_wpan
2024-02-06 14:26:01,198 [INFO] IPUIPlugin:80 - create IPUIPlugin
2024-02-06 14:26:01,198 [INFO] PluginManager:220 - loadIPPluginJar : add tsc
2024-02-06 14:26:01,201 [INFO] IPUIPlugin:80 - create IPUIPlugin
2024-02-06 14:26:01,201 [INFO] PluginManager:220 - loadIPPluginJar : add nvic
2024-02-06 14:26:01,203 [INFO] IPUIPlugin:80 - create IPUIPlugin
2024-02-06 14:26:01,203 [INFO] PluginManager:220 - loadIPPluginJar : add ipddr
2024-02-06 14:26:01,205 [INFO] IPUIPlugin:80 - create IPUIPlugin
2024-02-06 14:26:01,205 [INFO] PluginManager:220 - loadIPPluginJar : add cryp
2024-02-06 14:26:01,206 [INFO] IPUIPlugin:80 - create IPUIPlugin
2024-02-06 14:26:01,206 [INFO] PluginManager:220 - loadIPPluginJar : add genericplugin
2024-02-06 14:26:01,210 [INFO] IPUIPlugin:80 - create IPUIPlugin
2024-02-06 14:26:01,211 [INFO] PluginManager:220 - loadIPPluginJar : add gic
2024-02-06 14:26:01,213 [INFO] IPUIPlugin:80 - create IPUIPlugin
2024-02-06 14:26:01,213 [INFO] PluginManager:220 - loadIPPluginJar : add pdm2pcm
2024-02-06 14:26:01,214 [INFO] IPUIPlugin:80 - create IPUIPlugin
2024-02-06 14:26:01,214 [INFO] PluginManager:220 - loadIPPluginJar : add ucpd
2024-02-06 14:26:01,218 [INFO] IPUIPlugin:80 - create IPUIPlugin
2024-02-06 14:26:01,219 [INFO] PluginManager:220 - loadIPPluginJar : add dma
2024-02-06 14:26:01,220 [INFO] IPUIPlugin:80 - create IPUIPlugin
2024-02-06 14:26:01,220 [INFO] PluginManager:220 - loadIPPluginJar : add gfxmmu
2024-02-06 14:26:01,222 [INFO] IPUIPlugin:80 - create IPUIPlugin
2024-02-06 14:26:01,222 [INFO] PluginManager:220 - loadIPPluginJar : add can
2024-02-06 14:26:01,226 [INFO] IPUIPlugin:80 - create IPUIPlugin
2024-02-06 14:26:01,226 [INFO] PluginManager:220 - loadIPPluginJar : add adc
2024-02-06 14:26:01,228 [INFO] IPUIPlugin:80 - create IPUIPlugin
2024-02-06 14:26:01,228 [INFO] PluginManager:220 - loadIPPluginJar : add opamp
2024-02-06 14:26:01,230 [INFO] IPUIPlugin:80 - create IPUIPlugin
2024-02-06 14:26:01,230 [INFO] PluginManager:220 - loadIPPluginJar : add touchsensing
2024-02-06 14:26:01,231 [INFO] IPUIPlugin:80 - create IPUIPlugin
2024-02-06 14:26:01,231 [INFO] PluginManager:220 - loadIPPluginJar : add ltdc
2024-02-06 14:26:01,233 [INFO] IPUIPlugin:80 - create IPUIPlugin
2024-02-06 14:26:01,233 [INFO] PluginManager:220 - loadIPPluginJar : add usart
2024-02-06 14:26:01,236 [INFO] IPUIPlugin:80 - create IPUIPlugin
2024-02-06 14:26:01,239 [INFO] PluginManager:220 - loadIPPluginJar : add plateformsettings
2024-02-06 14:26:01,241 [INFO] IPUIPlugin:80 - create IPUIPlugin
2024-02-06 14:26:01,241 [INFO] PluginManager:220 - loadIPPluginJar : add ts
2024-02-06 14:26:01,242 [INFO] IPUIPlugin:80 - create IPUIPlugin
2024-02-06 14:26:01,242 [INFO] PluginManager:220 - loadIPPluginJar : add fatfs
2024-02-06 14:26:01,247 [INFO] IPUIPlugin:80 - create IPUIPlugin
2024-02-06 14:26:01,247 [INFO] PluginManager:220 - loadIPPluginJar : add linkedlist
2024-02-06 14:26:01,249 [INFO] IPUIPlugin:80 - create IPUIPlugin
2024-02-06 14:26:01,249 [INFO] PluginManager:220 - loadIPPluginJar : add resmgrutility
2024-02-06 14:26:01,250 [INFO] IPUIPlugin:80 - create IPUIPlugin
2024-02-06 14:26:01,251 [INFO] PluginManager:220 - loadIPPluginJar : add hash
2024-02-06 14:26:01,252 [INFO] IPUIPlugin:80 - create IPUIPlugin
2024-02-06 14:26:01,252 [INFO] PluginManager:220 - loadIPPluginJar : add dfsdm
2024-02-06 14:26:01,356 [INFO] CADModel:165 - CPN selected for project level
2024-02-06 14:26:01,356 [INFO] CADModel:114 - Register for checkConnection events
2024-02-06 14:26:01,357 [FATAL] Updater:308 - Updater called before beeing initialized
2024-02-06 14:26:01,357 [ERROR] CADModel:125 - Updater not yet initialized, retry later 
2024-02-06 14:26:01,503 [INFO] CADModel:165 - CPN selected for project level
2024-02-06 14:26:01,504 [INFO] CADModel:114 - Register for checkConnection events
2024-02-06 14:26:01,504 [FATAL] Updater:308 - Updater called before beeing initialized
2024-02-06 14:26:01,504 [ERROR] CADModel:125 - Updater not yet initialized, retry later 
2024-02-06 14:26:01,506 [FATAL] Updater:308 - Updater called before beeing initialized
2024-02-06 14:26:01,558 [FATAL] Updater:308 - Updater called before beeing initialized
2024-02-06 14:26:01,561 [INFO] DbMcusAds:53 - JSON generation date=Wed Nov 29 16:22:27 IST 2023 (1701255147349)
2024-02-06 14:26:01,561 [FATAL] Updater:308 - Updater called before beeing initialized
2024-02-06 14:26:01,585 [WARN] DetailPanel:346 - Failed to get advertising image, set to default
2024-02-06 14:26:01,649 [FATAL] Updater:308 - Updater called before beeing initialized
2024-02-06 14:26:01,650 [FATAL] Updater:308 - Updater called before beeing initialized
2024-02-06 14:26:01,650 [FATAL] Updater:308 - Updater called before beeing initialized
2024-02-06 14:26:01,650 [WARN] DetailPanel:346 - Failed to get advertising image, set to default
2024-02-06 14:26:01,651 [FATAL] Updater:308 - Updater called before beeing initialized
2024-02-06 14:26:01,671 [ERROR] Updater:1120 - MainUpdater not yet initialized. External WinMGr cannot be set.
2024-02-06 14:26:01,672 [INFO] Updater:1056 - Updater Version found : 6.10.0
2024-02-06 14:26:01,683 [INFO] ApplicationProperties:184 - Using Application install path: /opt/st/stm32cubeide_1.14.0/plugins/com.st.stm32cube.common.mx_6.10.0.202311202037
2024-02-06 14:26:01,691 [ERROR] LogOutputStream:75 - [STDERR_REDIRECT] Feb 06, 2024 2:26:01 PM java.util.prefs.FileSystemPreferences$2 run
2024-02-06 14:26:01,692 [ERROR] LogOutputStream:75 - [STDERR_REDIRECT] WARNING: Could not create system preferences directory. System preferences are unusable.
2024-02-06 14:26:01,692 [ERROR] LogOutputStream:75 - [STDERR_REDIRECT] 
2024-02-06 14:26:01,934 [INFO] MainUpdater:2873 - connection check result : 10
2024-02-06 14:26:01,935 [INFO] MainUpdater:3567 - Updater definition file requires update
2024-02-06 14:26:01,937 [INFO] MainUpdater:290 - Updater Check For Update Now.
2024-02-06 14:26:01,937 [INFO] MicroXplorer:498 - Change Database Version : DB.6.0.100
2024-02-06 14:26:01,948 [INFO] McuFinderGlobals:63 - Set McuFinder mode to 2 (CubeIDE integrated)
2024-02-06 14:26:02,016 [INFO] ServerAccessManage:473 - Download File updaters.zip
2024-02-06 14:26:02,114 [INFO] UserAuth:404 - Internet connection configuration mode: 1
2024-02-06 14:26:02,124 [INFO] JxBrowserEngine:152 - Initiate JxBrowser Engine with user profile folder
2024-02-06 14:26:02,125 [INFO] FileExtend:240 - Unzip File : updaters.zip
2024-02-06 14:26:02,126 [INFO] FileExtend:255 - Standard Zip Deflate
2024-02-06 14:26:02,249 [INFO] ServerAccessManage:473 - Download File PacksControlFlags.xml
2024-02-06 14:26:02,319 [INFO] ServerAccessManage:473 - Download File cubemx.pidx
2024-02-06 14:26:02,385 [INFO] LoadServerUpdatesThread:375 - End of LoadServerUpdate Thread
2024-02-06 14:26:02,533 [INFO] CheckServerUpdateThread:120 - End of CheckServer Thread
2024-02-06 14:26:02,620 [INFO] WebApp:161 - Instantiating new browser for Auth
2024-02-06 14:26:02,919 [INFO] WebApp:780 - Register for checkConnection events
2024-02-06 14:26:02,919 [INFO] WebApp:414 - Apply proxy settings
2024-02-06 14:26:02,919 [INFO] WebApp:499 - Chromium requires no authentication
2024-02-06 14:26:02,924 [INFO] WebApp:442 - Direct internet connection detected
2024-02-06 14:26:03,009 [INFO] WebApp:192 - Starting web application
2024-02-06 14:26:03,010 [INFO] WebApp:544 - Web application path used /opt/st/stm32cubeide_1.14.0/plugins/com.st.stm32cube.common.mx_6.10.0.202311202037/db/plugins/mcufinder/reactClient1/index.html
2024-02-06 14:26:03,899 [WARN] PackLoader:240 - Cannot read IP mode file for STMicroelectronics.X-CUBE-SMBUS.2.1.0
2024-02-06 14:26:03,955 [WARN] PackLoader:240 - Cannot read IP mode file for STMicroelectronics.X-CUBE-AZRTOS-F7.1.1.0
2024-02-06 14:26:03,968 [WARN] PackLoader:240 - Cannot read IP mode file for STMicroelectronics.FP-SNS-MOTENV1.4.3.2
2024-02-06 14:26:03,975 [WARN] PackLoader:240 - Cannot read IP mode file for STMicroelectronics.FP-SNS-FLIGHT1.5.0.2
2024-02-06 14:26:03,983 [WARN] PackLoader:240 - Cannot read IP mode file for STMicroelectronics.X-CUBE-DISPLAY.3.0.0
2024-02-06 14:26:03,995 [WARN] PackLoader:240 - Cannot read IP mode file for STMicroelectronics.X-CUBE-BLE1.7.0.0
2024-02-06 14:26:04,001 [WARN] PackLoader:240 - Cannot read IP mode file for STMicroelectronics.FP-SNS-SMARTAG2.1.2.0
2024-02-06 14:26:04,022 [INFO] LogOutputStream:77 - [STDOUT_REDIRECT] 1 : Invalid condition id : UX_CORESTACK_Condition cause : null
2024-02-06 14:26:04,023 [INFO] LogOutputStream:77 - [STDOUT_REDIRECT] 1 : Invalid condition id : UX_CORESTACK_Condition cause : null
2024-02-06 14:26:04,023 [INFO] LogOutputStream:77 - [STDOUT_REDIRECT] 1 : Invalid condition id : UX_CORESTACK_Condition cause : null
2024-02-06 14:26:04,024 [INFO] LogOutputStream:77 - [STDOUT_REDIRECT] 1 : Invalid condition id : UX_CORESTACK_Condition cause : null
2024-02-06 14:26:04,024 [INFO] LogOutputStream:77 - [STDOUT_REDIRECT] 1 : Invalid condition id : UX_CORESTACK_Condition cause : null
2024-02-06 14:26:04,036 [WARN] PackLoader:240 - Cannot read IP mode file for STMicroelectronics.X-CUBE-AZRTOS-WL.2.0.0
2024-02-06 14:26:04,050 [WARN] PackLoader:240 - Cannot read IP mode file for WES.I-CUBE-Cesium.1.3.0
2024-02-06 14:26:04,059 [WARN] PackLoader:240 - Cannot read IP mode file for STMicroelectronics.X-CUBE-BLE2.3.3.0
2024-02-06 14:26:04,068 [WARN] PackLoader:240 - Cannot read IP mode file for STMicroelectronics.X-CUBE-ALGOBUILD.1.3.0
2024-02-06 14:26:04,094 [WARN] PackLoader:240 - Cannot read IP mode file for STMicroelectronics.X-CUBE-AZRTOS-G0.1.1.0
2024-02-06 14:26:04,104 [WARN] PackLoader:240 - Cannot read IP mode file for STMicroelectronics.X-CUBE-NFC4.3.0.0
2024-02-06 14:26:04,116 [WARN] PackLoader:240 - Cannot read IP mode file for STMicroelectronics.X-CUBE-BLEMGR.3.0.0
2024-02-06 14:26:04,123 [WARN] PackLoader:240 - Cannot read IP mode file for STMicroelectronics.FP-ATR-SIGFOX1.3.2.0
2024-02-06 14:26:04,156 [WARN] PackLoader:240 - Cannot read IP mode file for SEGGER.I-CUBE-embOS.1.3.1
2024-02-06 14:26:04,195 [WARN] PackLoader:240 - Cannot read IP mode file for STMicroelectronics.X-CUBE-GNSS1.6.0.0
2024-02-06 14:26:04,209 [WARN] PackLoader:240 - Cannot read IP mode file for STMicroelectronics.X-CUBE-AZRTOS-F4.1.1.0
2024-02-06 14:26:04,223 [WARN] PackLoader:240 - Cannot read IP mode file for STMicroelectronics.X-CUBE-AZRTOS-L5.2.0.0
2024-02-06 14:26:04,229 [WARN] PackLoader:240 - Cannot read IP mode file for STMicroelectronics.X-CUBE-NFC7.1.0.1
2024-02-06 14:26:04,234 [WARN] PackLoader:240 - Cannot read IP mode file for STMicroelectronics.X-CUBE-NFC6.3.0.0
2024-02-06 14:26:04,241 [WARN] PackLoader:240 - Cannot read IP mode file for STMicroelectronics.X-CUBE-AI.8.1.0
2024-02-06 14:26:04,256 [WARN] ConditionMgr:438 - getConditionDescription Invalid condition id : LAN8742 Phy interface Condition cause : null
2024-02-06 14:26:04,257 [WARN] PackLoader:240 - Cannot read IP mode file for STMicroelectronics.X-CUBE-AZRTOS-L4.2.0.0
2024-02-06 14:26:04,259 [WARN] ConditionMgr:1039 - genDependencies : Invalid condition id : LAN8742 Phy interface Condition cause : null
2024-02-06 14:26:04,259 [WARN] ConditionMgr:1039 - genDependencies : Invalid condition id : LAN8742 Phy interface Condition cause : null
2024-02-06 14:26:04,260 [WARN] ConditionMgr:1039 - genDependencies : Invalid condition id : LAN8742 Phy interface Condition cause : null
2024-02-06 14:26:04,266 [WARN] PackLoader:240 - Cannot read IP mode file for STMicroelectronics.X-CUBE-SFXS2LP1.4.0.0
2024-02-06 14:26:04,278 [WARN] ConditionMgr:438 - getConditionDescription Invalid condition id : UX DEVICE CLASS RTOS Condition cause : null
2024-02-06 14:26:04,279 [WARN] ConditionMgr:438 - getConditionDescription Invalid condition id : UX DEVICE CLASS RTOS Condition cause : null
2024-02-06 14:26:04,281 [WARN] PackLoader:240 - Cannot read IP mode file for STMicroelectronics.X-CUBE-AZRTOS-WB.2.0.0
2024-02-06 14:26:04,282 [WARN] ConditionMgr:1039 - genDependencies : Invalid condition id : UX DEVICE CLASS RTOS Condition cause : null
2024-02-06 14:26:04,282 [WARN] ConditionMgr:1039 - genDependencies : Invalid condition id : UX DEVICE CLASS RTOS Condition cause : null
2024-02-06 14:26:04,283 [WARN] ConditionMgr:1039 - genDependencies : Invalid condition id : UX DEVICE CLASS RTOS Condition cause : null
2024-02-06 14:26:04,283 [WARN] ConditionMgr:1039 - genDependencies : Invalid condition id : UX DEVICE CLASS RTOS Condition cause : null
2024-02-06 14:26:04,283 [WARN] ConditionMgr:1039 - genDependencies : Invalid condition id : UX DEVICE CLASS RTOS Condition cause : null
2024-02-06 14:26:04,292 [WARN] PackLoader:240 - Cannot read IP mode file for STMicroelectronics.X-CUBE-SUBG2.5.0.0
2024-02-06 14:26:04,310 [WARN] PackLoader:240 - Cannot read IP mode file for STMicroelectronics.X-CUBE-AZRTOS-G4.2.0.0
2024-02-06 14:26:04,322 [WARN] PackLoader:240 - Cannot read IP mode file for Infineon.AIROC-Wi-Fi-Bluetooth-STM32.1.5.1
2024-02-06 14:26:04,365 [WARN] PackLoader:240 - Cannot read IP mode file for STMicroelectronics.X-CUBE-MEMS1.10.0.0
2024-02-06 14:26:04,480 [WARN] PackLoader:240 - Cannot read IP mode file for STMicroelectronics.X-CUBE-FREERTOS.1.1.0
2024-02-06 14:26:04,483 [WARN] PackLoader:240 - Cannot read IP mode file for portGmbH.I-Cube-SoM-uGOAL.1.1.0
2024-02-06 14:26:04,488 [WARN] PackLoader:240 - Cannot read IP mode file for STMicroelectronics.X-CUBE-ALS.1.0.1
2024-02-06 14:26:04,491 [WARN] PackLoader:240 - Cannot read IP mode file for STMicroelectronics.FP-ATR-ASTRA1.2.0.0
2024-02-06 14:26:04,492 [INFO] ThirdParty:978 - Integrity check success = true
2024-02-06 14:26:04,492 [INFO] IntegrityCheckThread:100 - exiting critical section [integrity check]
2024-02-06 14:26:04,492 [INFO] IntegrityCheckThread:103 - End integrity checks thread
2024-02-06 14:26:24,218 [ERROR] LogOutputStream:75 - [STDERR_REDIRECT] SLF4J: Failed to load class "org.slf4j.impl.StaticLoggerBinder".
2024-02-06 14:26:24,219 [ERROR] LogOutputStream:75 - [STDERR_REDIRECT] SLF4J: Defaulting to no-operation (NOP) logger implementation
2024-02-06 14:26:24,219 [ERROR] LogOutputStream:75 - [STDERR_REDIRECT] SLF4J: See http://www.slf4j.org/codes.html#StaticLoggerBinder for further details.
2024-02-06 14:26:26,573 [ERROR] LogOutputStream:75 - [STDERR_REDIRECT] Feb 06, 2024 2:26:26 PM java.util.prefs.FileSystemPreferences checkLockFile0ErrorCode
2024-02-06 14:26:26,574 [ERROR] LogOutputStream:75 - [STDERR_REDIRECT] WARNING: Could not lock System prefs. Unix error code 32583.
2024-02-06 14:26:26,574 [ERROR] LogOutputStream:75 - [STDERR_REDIRECT] 
2024-02-06 14:26:26,575 [ERROR] LogOutputStream:75 - [STDERR_REDIRECT] Feb 06, 2024 2:26:26 PM java.util.prefs.FileSystemPreferences syncWorld
2024-02-06 14:26:26,576 [ERROR] LogOutputStream:75 - [STDERR_REDIRECT] WARNING: Couldn't flush system prefs: java.util.prefs.BackingStoreException: Couldn't get file lock.
2024-02-06 14:26:26,576 [ERROR] LogOutputStream:75 - [STDERR_REDIRECT] 
2024-02-06 14:26:56,546 [ERROR] LogOutputStream:75 - [STDERR_REDIRECT] Feb 06, 2024 2:26:56 PM java.util.prefs.FileSystemPreferences checkLockFile0ErrorCode
2024-02-06 14:26:56,546 [ERROR] LogOutputStream:75 - [STDERR_REDIRECT] WARNING: Could not lock System prefs. Unix error code 32583.
2024-02-06 14:26:56,546 [ERROR] LogOutputStream:75 - [STDERR_REDIRECT] 
2024-02-06 14:26:56,546 [ERROR] LogOutputStream:75 - [STDERR_REDIRECT] Feb 06, 2024 2:26:56 PM java.util.prefs.FileSystemPreferences syncWorld
2024-02-06 14:26:56,546 [ERROR] LogOutputStream:75 - [STDERR_REDIRECT] WARNING: Couldn't flush system prefs: java.util.prefs.BackingStoreException: Couldn't get file lock.
2024-02-06 14:26:56,546 [ERROR] LogOutputStream:75 - [STDERR_REDIRECT] 
2024-02-06 14:27:26,547 [ERROR] LogOutputStream:75 - [STDERR_REDIRECT] Feb 06, 2024 2:27:26 PM java.util.prefs.FileSystemPreferences checkLockFile0ErrorCode
2024-02-06 14:27:26,548 [ERROR] LogOutputStream:75 - [STDERR_REDIRECT] WARNING: Could not lock System prefs. Unix error code 32583.
2024-02-06 14:27:26,548 [ERROR] LogOutputStream:75 - [STDERR_REDIRECT] 
2024-02-06 14:27:26,549 [ERROR] LogOutputStream:75 - [STDERR_REDIRECT] Feb 06, 2024 2:27:26 PM java.util.prefs.FileSystemPreferences syncWorld
2024-02-06 14:27:26,549 [ERROR] LogOutputStream:75 - [STDERR_REDIRECT] WARNING: Couldn't flush system prefs: java.util.prefs.BackingStoreException: Couldn't get file lock.
2024-02-06 14:27:26,549 [ERROR] LogOutputStream:75 - [STDERR_REDIRECT] 
2024-02-06 14:27:56,546 [ERROR] LogOutputStream:75 - [STDERR_REDIRECT] Feb 06, 2024 2:27:56 PM java.util.prefs.FileSystemPreferences checkLockFile0ErrorCode
2024-02-06 14:27:56,546 [ERROR] LogOutputStream:75 - [STDERR_REDIRECT] WARNING: Could not lock System prefs. Unix error code 32583.
2024-02-06 14:27:56,546 [ERROR] LogOutputStream:75 - [STDERR_REDIRECT] 
2024-02-06 14:27:56,547 [ERROR] LogOutputStream:75 - [STDERR_REDIRECT] Feb 06, 2024 2:27:56 PM java.util.prefs.FileSystemPreferences syncWorld
2024-02-06 14:27:56,548 [ERROR] LogOutputStream:75 - [STDERR_REDIRECT] WARNING: Couldn't flush system prefs: java.util.prefs.BackingStoreException: Couldn't get file lock.
2024-02-06 14:27:56,548 [ERROR] LogOutputStream:75 - [STDERR_REDIRECT] 
2024-02-06 14:28:26,545 [ERROR] LogOutputStream:75 - [STDERR_REDIRECT] Feb 06, 2024 2:28:26 PM java.util.prefs.FileSystemPreferences checkLockFile0ErrorCode
2024-02-06 14:28:26,546 [ERROR] LogOutputStream:75 - [STDERR_REDIRECT] WARNING: Could not lock System prefs. Unix error code 32583.
2024-02-06 14:28:26,546 [ERROR] LogOutputStream:75 - [STDERR_REDIRECT] 
2024-02-06 14:28:26,547 [ERROR] LogOutputStream:75 - [STDERR_REDIRECT] Feb 06, 2024 2:28:26 PM java.util.prefs.FileSystemPreferences syncWorld
2024-02-06 14:28:26,547 [ERROR] LogOutputStream:75 - [STDERR_REDIRECT] WARNING: Couldn't flush system prefs: java.util.prefs.BackingStoreException: Couldn't get file lock.
2024-02-06 14:28:26,548 [ERROR] LogOutputStream:75 - [STDERR_REDIRECT] 
2024-02-06 14:28:56,545 [ERROR] LogOutputStream:75 - [STDERR_REDIRECT] Feb 06, 2024 2:28:56 PM java.util.prefs.FileSystemPreferences checkLockFile0ErrorCode
2024-02-06 14:28:56,546 [ERROR] LogOutputStream:75 - [STDERR_REDIRECT] WARNING: Could not lock System prefs. Unix error code 32583.
2024-02-06 14:28:56,547 [ERROR] LogOutputStream:75 - [STDERR_REDIRECT] 
2024-02-06 14:28:56,547 [ERROR] LogOutputStream:75 - [STDERR_REDIRECT] Feb 06, 2024 2:28:56 PM java.util.prefs.FileSystemPreferences syncWorld
2024-02-06 14:28:56,548 [ERROR] LogOutputStream:75 - [STDERR_REDIRECT] WARNING: Couldn't flush system prefs: java.util.prefs.BackingStoreException: Couldn't get file lock.
2024-02-06 14:28:56,548 [ERROR] LogOutputStream:75 - [STDERR_REDIRECT] 
2024-02-06 14:29:26,546 [ERROR] LogOutputStream:75 - [STDERR_REDIRECT] Feb 06, 2024 2:29:26 PM java.util.prefs.FileSystemPreferences checkLockFile0ErrorCode
2024-02-06 14:29:26,547 [ERROR] LogOutputStream:75 - [STDERR_REDIRECT] WARNING: Could not lock System prefs. Unix error code 32583.
2024-02-06 14:29:26,548 [ERROR] LogOutputStream:75 - [STDERR_REDIRECT] 
2024-02-06 14:29:26,549 [ERROR] LogOutputStream:75 - [STDERR_REDIRECT] Feb 06, 2024 2:29:26 PM java.util.prefs.FileSystemPreferences syncWorld
2024-02-06 14:29:26,549 [ERROR] LogOutputStream:75 - [STDERR_REDIRECT] WARNING: Couldn't flush system prefs: java.util.prefs.BackingStoreException: Couldn't get file lock.
2024-02-06 14:29:26,550 [ERROR] LogOutputStream:75 - [STDERR_REDIRECT] 
2024-02-06 14:29:56,547 [ERROR] LogOutputStream:75 - [STDERR_REDIRECT] Feb 06, 2024 2:29:56 PM java.util.prefs.FileSystemPreferences checkLockFile0ErrorCode
2024-02-06 14:29:56,548 [ERROR] LogOutputStream:75 - [STDERR_REDIRECT] WARNING: Could not lock System prefs. Unix error code 32583.
2024-02-06 14:29:56,548 [ERROR] LogOutputStream:75 - [STDERR_REDIRECT] 
2024-02-06 14:29:56,549 [ERROR] LogOutputStream:75 - [STDERR_REDIRECT] Feb 06, 2024 2:29:56 PM java.util.prefs.FileSystemPreferences syncWorld
2024-02-06 14:29:56,549 [ERROR] LogOutputStream:75 - [STDERR_REDIRECT] WARNING: Couldn't flush system prefs: java.util.prefs.BackingStoreException: Couldn't get file lock.
2024-02-06 14:29:56,550 [ERROR] LogOutputStream:75 - [STDERR_REDIRECT] 
2024-02-06 14:30:26,546 [ERROR] LogOutputStream:75 - [STDERR_REDIRECT] Feb 06, 2024 2:30:26 PM java.util.prefs.FileSystemPreferences checkLockFile0ErrorCode
2024-02-06 14:30:26,547 [ERROR] LogOutputStream:75 - [STDERR_REDIRECT] WARNING: Could not lock System prefs. Unix error code 32583.
2024-02-06 14:30:26,547 [ERROR] LogOutputStream:75 - [STDERR_REDIRECT] 
2024-02-06 14:30:26,548 [ERROR] LogOutputStream:75 - [STDERR_REDIRECT] Feb 06, 2024 2:30:26 PM java.util.prefs.FileSystemPreferences syncWorld
2024-02-06 14:30:26,549 [ERROR] LogOutputStream:75 - [STDERR_REDIRECT] WARNING: Couldn't flush system prefs: java.util.prefs.BackingStoreException: Couldn't get file lock.
2024-02-06 14:30:26,549 [ERROR] LogOutputStream:75 - [STDERR_REDIRECT] 
2024-02-06 14:30:56,547 [ERROR] LogOutputStream:75 - [STDERR_REDIRECT] Feb 06, 2024 2:30:56 PM java.util.prefs.FileSystemPreferences checkLockFile0ErrorCode
2024-02-06 14:30:56,547 [ERROR] LogOutputStream:75 - [STDERR_REDIRECT] WARNING: Could not lock System prefs. Unix error code 32583.
2024-02-06 14:30:56,548 [ERROR] LogOutputStream:75 - [STDERR_REDIRECT] 
2024-02-06 14:30:56,549 [ERROR] LogOutputStream:75 - [STDERR_REDIRECT] Feb 06, 2024 2:30:56 PM java.util.prefs.FileSystemPreferences syncWorld
2024-02-06 14:30:56,549 [ERROR] LogOutputStream:75 - [STDERR_REDIRECT] WARNING: Couldn't flush system prefs: java.util.prefs.BackingStoreException: Couldn't get file lock.
2024-02-06 14:30:56,550 [ERROR] LogOutputStream:75 - [STDERR_REDIRECT] 
2024-02-06 14:31:26,547 [ERROR] LogOutputStream:75 - [STDERR_REDIRECT] Feb 06, 2024 2:31:26 PM java.util.prefs.FileSystemPreferences checkLockFile0ErrorCode
2024-02-06 14:31:26,548 [ERROR] LogOutputStream:75 - [STDERR_REDIRECT] WARNING: Could not lock System prefs. Unix error code 32583.
2024-02-06 14:31:26,548 [ERROR] LogOutputStream:75 - [STDERR_REDIRECT] 
2024-02-06 14:31:26,549 [ERROR] LogOutputStream:75 - [STDERR_REDIRECT] Feb 06, 2024 2:31:26 PM java.util.prefs.FileSystemPreferences syncWorld
2024-02-06 14:31:26,549 [ERROR] LogOutputStream:75 - [STDERR_REDIRECT] WARNING: Couldn't flush system prefs: java.util.prefs.BackingStoreException: Couldn't get file lock.
2024-02-06 14:31:26,550 [ERROR] LogOutputStream:75 - [STDERR_REDIRECT] 
2024-02-06 14:31:56,547 [ERROR] LogOutputStream:75 - [STDERR_REDIRECT] Feb 06, 2024 2:31:56 PM java.util.prefs.FileSystemPreferences checkLockFile0ErrorCode
2024-02-06 14:31:56,548 [ERROR] LogOutputStream:75 - [STDERR_REDIRECT] WARNING: Could not lock System prefs. Unix error code 32583.
2024-02-06 14:31:56,548 [ERROR] LogOutputStream:75 - [STDERR_REDIRECT] 
2024-02-06 14:31:56,549 [ERROR] LogOutputStream:75 - [STDERR_REDIRECT] Feb 06, 2024 2:31:56 PM java.util.prefs.FileSystemPreferences syncWorld
2024-02-06 14:31:56,550 [ERROR] LogOutputStream:75 - [STDERR_REDIRECT] WARNING: Couldn't flush system prefs: java.util.prefs.BackingStoreException: Couldn't get file lock.
2024-02-06 14:31:56,550 [ERROR] LogOutputStream:75 - [STDERR_REDIRECT] 
2024-02-06 14:32:26,547 [ERROR] LogOutputStream:75 - [STDERR_REDIRECT] Feb 06, 2024 2:32:26 PM java.util.prefs.FileSystemPreferences checkLockFile0ErrorCode
2024-02-06 14:32:26,548 [ERROR] LogOutputStream:75 - [STDERR_REDIRECT] WARNING: Could not lock System prefs. Unix error code 32583.
2024-02-06 14:32:26,548 [ERROR] LogOutputStream:75 - [STDERR_REDIRECT] 
2024-02-06 14:32:26,549 [ERROR] LogOutputStream:75 - [STDERR_REDIRECT] Feb 06, 2024 2:32:26 PM java.util.prefs.FileSystemPreferences syncWorld
2024-02-06 14:32:26,550 [ERROR] LogOutputStream:75 - [STDERR_REDIRECT] WARNING: Couldn't flush system prefs: java.util.prefs.BackingStoreException: Couldn't get file lock.
2024-02-06 14:32:26,550 [ERROR] LogOutputStream:75 - [STDERR_REDIRECT] 
2024-02-06 14:32:56,547 [ERROR] LogOutputStream:75 - [STDERR_REDIRECT] Feb 06, 2024 2:32:56 PM java.util.prefs.FileSystemPreferences checkLockFile0ErrorCode
2024-02-06 14:32:56,547 [ERROR] LogOutputStream:75 - [STDERR_REDIRECT] WARNING: Could not lock System prefs. Unix error code 32583.
2024-02-06 14:32:56,547 [ERROR] LogOutputStream:75 - [STDERR_REDIRECT] 
2024-02-06 14:32:56,548 [ERROR] LogOutputStream:75 - [STDERR_REDIRECT] Feb 06, 2024 2:32:56 PM java.util.prefs.FileSystemPreferences syncWorld
2024-02-06 14:32:56,548 [ERROR] LogOutputStream:75 - [STDERR_REDIRECT] WARNING: Couldn't flush system prefs: java.util.prefs.BackingStoreException: Couldn't get file lock.
2024-02-06 14:32:56,548 [ERROR] LogOutputStream:75 - [STDERR_REDIRECT] 
2024-02-06 14:33:26,547 [ERROR] LogOutputStream:75 - [STDERR_REDIRECT] Feb 06, 2024 2:33:26 PM java.util.prefs.FileSystemPreferences checkLockFile0ErrorCode
2024-02-06 14:33:26,547 [ERROR] LogOutputStream:75 - [STDERR_REDIRECT] WARNING: Could not lock System prefs. Unix error code 32583.
2024-02-06 14:33:26,548 [ERROR] LogOutputStream:75 - [STDERR_REDIRECT] 
2024-02-06 14:33:26,548 [ERROR] LogOutputStream:75 - [STDERR_REDIRECT] Feb 06, 2024 2:33:26 PM java.util.prefs.FileSystemPreferences syncWorld
2024-02-06 14:33:26,549 [ERROR] LogOutputStream:75 - [STDERR_REDIRECT] WARNING: Couldn't flush system prefs: java.util.prefs.BackingStoreException: Couldn't get file lock.
2024-02-06 14:33:26,550 [ERROR] LogOutputStream:75 - [STDERR_REDIRECT] 
2024-02-06 14:33:56,546 [ERROR] LogOutputStream:75 - [STDERR_REDIRECT] Feb 06, 2024 2:33:56 PM java.util.prefs.FileSystemPreferences checkLockFile0ErrorCode
2024-02-06 14:33:56,546 [ERROR] LogOutputStream:75 - [STDERR_REDIRECT] WARNING: Could not lock System prefs. Unix error code 32583.
2024-02-06 14:33:56,546 [ERROR] LogOutputStream:75 - [STDERR_REDIRECT] 
2024-02-06 14:33:56,547 [ERROR] LogOutputStream:75 - [STDERR_REDIRECT] Feb 06, 2024 2:33:56 PM java.util.prefs.FileSystemPreferences syncWorld
2024-02-06 14:33:56,547 [ERROR] LogOutputStream:75 - [STDERR_REDIRECT] WARNING: Couldn't flush system prefs: java.util.prefs.BackingStoreException: Couldn't get file lock.
2024-02-06 14:33:56,547 [ERROR] LogOutputStream:75 - [STDERR_REDIRECT] 
2024-02-06 14:34:26,547 [ERROR] LogOutputStream:75 - [STDERR_REDIRECT] Feb 06, 2024 2:34:26 PM java.util.prefs.FileSystemPreferences checkLockFile0ErrorCode
2024-02-06 14:34:26,547 [ERROR] LogOutputStream:75 - [STDERR_REDIRECT] WARNING: Could not lock System prefs. Unix error code 32583.
2024-02-06 14:34:26,547 [ERROR] LogOutputStream:75 - [STDERR_REDIRECT] 
2024-02-06 14:34:26,548 [ERROR] LogOutputStream:75 - [STDERR_REDIRECT] Feb 06, 2024 2:34:26 PM java.util.prefs.FileSystemPreferences syncWorld
2024-02-06 14:34:26,548 [ERROR] LogOutputStream:75 - [STDERR_REDIRECT] WARNING: Couldn't flush system prefs: java.util.prefs.BackingStoreException: Couldn't get file lock.
2024-02-06 14:34:26,548 [ERROR] LogOutputStream:75 - [STDERR_REDIRECT] 
2024-02-06 14:34:56,547 [ERROR] LogOutputStream:75 - [STDERR_REDIRECT] Feb 06, 2024 2:34:56 PM java.util.prefs.FileSystemPreferences checkLockFile0ErrorCode
2024-02-06 14:34:56,548 [ERROR] LogOutputStream:75 - [STDERR_REDIRECT] WARNING: Could not lock System prefs. Unix error code 32583.
2024-02-06 14:34:56,548 [ERROR] LogOutputStream:75 - [STDERR_REDIRECT] 
2024-02-06 14:34:56,548 [ERROR] LogOutputStream:75 - [STDERR_REDIRECT] Feb 06, 2024 2:34:56 PM java.util.prefs.FileSystemPreferences syncWorld
2024-02-06 14:34:56,549 [ERROR] LogOutputStream:75 - [STDERR_REDIRECT] WARNING: Couldn't flush system prefs: java.util.prefs.BackingStoreException: Couldn't get file lock.
2024-02-06 14:34:56,549 [ERROR] LogOutputStream:75 - [STDERR_REDIRECT] 
2024-02-06 14:35:26,548 [ERROR] LogOutputStream:75 - [STDERR_REDIRECT] Feb 06, 2024 2:35:26 PM java.util.prefs.FileSystemPreferences checkLockFile0ErrorCode
2024-02-06 14:35:26,549 [ERROR] LogOutputStream:75 - [STDERR_REDIRECT] WARNING: Could not lock System prefs. Unix error code 32583.
2024-02-06 14:35:26,549 [ERROR] LogOutputStream:75 - [STDERR_REDIRECT] 
2024-02-06 14:35:26,550 [ERROR] LogOutputStream:75 - [STDERR_REDIRECT] Feb 06, 2024 2:35:26 PM java.util.prefs.FileSystemPreferences syncWorld
2024-02-06 14:35:26,550 [ERROR] LogOutputStream:75 - [STDERR_REDIRECT] WARNING: Couldn't flush system prefs: java.util.prefs.BackingStoreException: Couldn't get file lock.
2024-02-06 14:35:26,551 [ERROR] LogOutputStream:75 - [STDERR_REDIRECT] 
2024-02-06 14:35:56,547 [ERROR] LogOutputStream:75 - [STDERR_REDIRECT] Feb 06, 2024 2:35:56 PM java.util.prefs.FileSystemPreferences checkLockFile0ErrorCode
2024-02-06 14:35:56,547 [ERROR] LogOutputStream:75 - [STDERR_REDIRECT] WARNING: Could not lock System prefs. Unix error code 32583.
2024-02-06 14:35:56,550 [ERROR] LogOutputStream:75 - [STDERR_REDIRECT] 
2024-02-06 14:35:56,551 [ERROR] LogOutputStream:75 - [STDERR_REDIRECT] Feb 06, 2024 2:35:56 PM java.util.prefs.FileSystemPreferences syncWorld
2024-02-06 14:35:56,552 [ERROR] LogOutputStream:75 - [STDERR_REDIRECT] WARNING: Couldn't flush system prefs: java.util.prefs.BackingStoreException: Couldn't get file lock.
2024-02-06 14:35:56,552 [ERROR] LogOutputStream:75 - [STDERR_REDIRECT] 
2024-02-06 14:38:49,726 [INFO] Activator:176 - 


2024-02-06 14:38:49,727 [INFO] Activator:177 - !SESSION log4j initialized
2024-02-06 14:38:50,964 [INFO] LogOutputStream:77 - [STDOUT_REDIRECT] 
2024-02-06 14:38:52,313 [INFO] ApplicationProperties:184 - Using Application install path: /opt/st/stm32cubeide_1.14.0/plugins/com.st.stm32cube.common.mx_6.10.0.202311202037
2024-02-06 14:38:52,324 [INFO] DbMcusXml:78 - Set database path to: /opt/st/stm32cubeide_1.14.0/plugins/com.st.stm32cube.common.mx_6.10.0.202311202037//db//mcu/
2024-02-06 14:38:52,325 [INFO] ApiDb:274 - Set plugin database path to: /opt/st/stm32cubeide_1.14.0/plugins/com.st.stm32cube.common.mx_6.10.0.202311202037//db//plugins/boardmanager/
2024-02-06 14:38:52,325 [WARN] ApiDb:259 - Overriding images path with different value:  => /opt/st/stm32cubeide_1.14.0/plugins/com.st.stm32cube.common.mx_6.10.0.202311202037//db//plugins/mcufinder/images/
2024-02-06 14:38:52,328 [INFO] ApiDb:250 - Set database path to: /home/om/.stmcufinder/plugins/mcufinder//mcu/
2024-02-06 14:38:52,329 [INFO] DbMcusAds:125 - Set database path to: /home/om/.stmcufinder/plugins/mcufinder//mcu/
2024-02-06 14:38:52,330 [INFO] CrossReferenceDbSqlite:203 - Set database path to: /home/om/.stmcufinder/plugins/mcufinder//mcu/cs/
2024-02-06 14:38:52,435 [INFO] RulesReader:64 - Compatibility file has been processed (297 Rules)
2024-02-06 14:38:52,475 [INFO] DbMcusXml:78 - Set database path to: /opt/st/stm32cubeide_1.14.0/plugins/com.st.stm32cube.common.mx_6.10.0.202311202037//db//mcu/
2024-02-06 14:38:52,475 [INFO] ApiDb:274 - Set plugin database path to: /opt/st/stm32cubeide_1.14.0/plugins/com.st.stm32cube.common.mx_6.10.0.202311202037//db//plugins/boardmanager/
2024-02-06 14:38:52,475 [INFO] ApiDb:261 - Set plugin images path to: /opt/st/stm32cubeide_1.14.0/plugins/com.st.stm32cube.common.mx_6.10.0.202311202037//db//plugins/mcufinder/images/
2024-02-06 14:38:52,475 [WARN] DbFile:41 - Overriding database path with different value: /home/om/.stmcufinder/plugins/mcufinder/ => /home/om/.stmcufinder/plugins/mcufinder
2024-02-06 14:38:52,475 [INFO] ApiDb:250 - Set database path to: /home/om/.stmcufinder/plugins/mcufinder//mcu/
2024-02-06 14:38:52,475 [WARN] DbFile:41 - Overriding database path with different value: /home/om/.stmcufinder/plugins/mcufinder/ => /home/om/.stmcufinder/plugins/mcufinder
2024-02-06 14:38:52,475 [INFO] DbMcusAds:125 - Set database path to: /home/om/.stmcufinder/plugins/mcufinder//mcu/
2024-02-06 14:38:52,475 [WARN] DbFile:41 - Overriding database path with different value: /home/om/.stmcufinder/plugins/mcufinder/ => /home/om/.stmcufinder/plugins/mcufinder
2024-02-06 14:38:52,475 [WARN] DbFile:41 - Overriding database path with different value: /home/om/.stmcufinder/plugins/mcufinder/ => /home/om/.stmcufinder/plugins/mcufinder
2024-02-06 14:38:52,475 [INFO] CrossReferenceDbSqlite:203 - Set database path to: /home/om/.stmcufinder/plugins/mcufinder//mcu/cs/
2024-02-06 14:38:52,514 [INFO] MainPanel:264 - HeapMemory: 268435456
2024-02-06 14:38:52,558 [INFO] DbMcusXml:78 - Set database path to: /opt/st/stm32cubeide_1.14.0/plugins/com.st.stm32cube.common.mx_6.10.0.202311202037//db//mcu/
2024-02-06 14:38:52,558 [INFO] ApiDb:274 - Set plugin database path to: /opt/st/stm32cubeide_1.14.0/plugins/com.st.stm32cube.common.mx_6.10.0.202311202037//db//plugins/boardmanager/
2024-02-06 14:38:52,558 [INFO] ApiDb:261 - Set plugin images path to: /opt/st/stm32cubeide_1.14.0/plugins/com.st.stm32cube.common.mx_6.10.0.202311202037//db//plugins/mcufinder/images/
2024-02-06 14:38:52,558 [WARN] DbFile:41 - Overriding database path with different value: /home/om/.stmcufinder/plugins/mcufinder/ => /home/om/.stmcufinder/plugins/mcufinder
2024-02-06 14:38:52,558 [INFO] ApiDb:250 - Set database path to: /home/om/.stmcufinder/plugins/mcufinder//mcu/
2024-02-06 14:38:52,558 [WARN] DbFile:41 - Overriding database path with different value: /home/om/.stmcufinder/plugins/mcufinder/ => /home/om/.stmcufinder/plugins/mcufinder
2024-02-06 14:38:52,558 [INFO] DbMcusAds:125 - Set database path to: /home/om/.stmcufinder/plugins/mcufinder//mcu/
2024-02-06 14:38:52,559 [WARN] DbFile:41 - Overriding database path with different value: /home/om/.stmcufinder/plugins/mcufinder/ => /home/om/.stmcufinder/plugins/mcufinder
2024-02-06 14:38:52,559 [WARN] DbFile:41 - Overriding database path with different value: /home/om/.stmcufinder/plugins/mcufinder/ => /home/om/.stmcufinder/plugins/mcufinder
2024-02-06 14:38:52,559 [INFO] CrossReferenceDbSqlite:203 - Set database path to: /home/om/.stmcufinder/plugins/mcufinder//mcu/cs/
2024-02-06 14:38:52,568 [INFO] ApplicationProperties:184 - Using Application install path: /opt/st/stm32cubeide_1.14.0/plugins/com.st.stm32cube.common.mx_6.10.0.202311202037
2024-02-06 14:38:52,569 [INFO] PluginManage:196 - Search for loadable plugins [exclusion list=, ]
2024-02-06 14:38:52,569 [INFO] PluginManage:310 - Check plugin analytics
2024-02-06 14:38:52,669 [INFO] AnalyticsPlugin:253 - Accepted Software Licenses: 
2024-02-06 14:38:52,669 [INFO] AnalyticsPlugin:255 - Accepted CMSIS Pack Licenses: 
2024-02-06 14:38:52,669 [INFO] AnalyticsPlugin:257 - Accepted Firmware Licenses: FW.F4.1.28.0,FW.F4.1.27.0
2024-02-06 14:38:52,671 [INFO] PluginManage:359 - Loaded plugin analytics (category:tool,tabindex:-1)
2024-02-06 14:38:52,671 [INFO] PluginManage:310 - Check plugin cadmodel
2024-02-06 14:38:52,684 [INFO] CADModel:105 - Init CAD model plugin
2024-02-06 14:38:52,684 [INFO] PluginManage:359 - Loaded plugin cadmodel (category:power,tabindex:5)
2024-02-06 14:38:52,684 [INFO] PluginManage:310 - Check plugin clock
2024-02-06 14:38:52,689 [INFO] PluginManage:359 - Loaded plugin clock (category:base,tabindex:2)
2024-02-06 14:38:52,689 [INFO] PluginManage:310 - Check plugin ddr
2024-02-06 14:38:52,690 [INFO] PluginManage:359 - Loaded plugin ddr (category:tool,tabindex:6)
2024-02-06 14:38:52,690 [INFO] PluginManage:310 - Check plugin filemanager
2024-02-06 14:38:52,767 [INFO] PluginManage:359 - Loaded plugin filemanager (category:base,tabindex:10)
2024-02-06 14:38:52,767 [INFO] PluginManage:310 - Check plugin ipmanager
2024-02-06 14:38:52,770 [INFO] PluginManage:359 - Loaded plugin ipmanager (category:base,tabindex:5)
2024-02-06 14:38:52,770 [INFO] PluginManage:310 - Check plugin lpbam
2024-02-06 14:38:52,775 [INFO] PluginManage:359 - Loaded plugin lpbam (category:base,tabindex:0)
2024-02-06 14:38:52,775 [INFO] PluginManage:310 - Check plugin memorymap
2024-02-06 14:38:52,781 [INFO] PluginManage:359 - Loaded plugin memorymap (category:base,tabindex:4)
2024-02-06 14:38:52,781 [INFO] PluginManage:310 - Check plugin pinoutandconfiguration
2024-02-06 14:38:52,785 [INFO] PluginManage:359 - Loaded plugin pinoutandconfiguration (category:base,tabindex:1)
2024-02-06 14:38:52,786 [INFO] PluginManage:310 - Check plugin pinoutconfig
2024-02-06 14:38:52,835 [WARN] SupportedApi:132 - Cannot load RTOS API schema: s4s-elt-must-match.1: The content of 'definitions' must match (annotation?, (simpleType | complexType)?, (unique | key | keyref)*)). A problem was found starting at: attribute.
2024-02-06 14:38:52,905 [INFO] PluginManage:359 - Loaded plugin pinoutconfig (category:base,tabindex:0)
2024-02-06 14:38:52,905 [INFO] PluginManage:310 - Check plugin power
2024-02-06 14:38:52,909 [INFO] PluginManage:359 - Loaded plugin power (category:power,tabindex:4)
2024-02-06 14:38:52,910 [INFO] PluginManage:310 - Check plugin projectmanager
2024-02-06 14:38:52,919 [INFO] PluginManage:359 - Loaded plugin projectmanager (category:projectmanager,tabindex:3)
2024-02-06 14:38:52,919 [INFO] PluginManage:310 - Check plugin thirdparty
2024-02-06 14:38:52,987 [INFO] PluginManage:359 - Loaded plugin thirdparty (category:base,tabindex:-1)
2024-02-06 14:38:52,987 [WARN] IntegrityCheckThread:84 - waiting for thirdparty lock release [integrity check]
2024-02-06 14:38:52,987 [INFO] PluginManage:310 - Check plugin tools
2024-02-06 14:38:52,987 [INFO] IntegrityCheckThread:86 - entering critical section [integrity check]
2024-02-06 14:38:52,988 [INFO] ThirdPartyUpdaterWithRetryManager:70 - Updater plugin not ready yet. [1/15]
2024-02-06 14:38:52,989 [INFO] PluginManage:359 - Loaded plugin tools (category:base,tabindex:7)
2024-02-06 14:38:52,989 [INFO] PluginManage:310 - Check plugin tutovideos
2024-02-06 14:38:53,094 [INFO] PluginManage:359 - Loaded plugin tutovideos (category:base,tabindex:-1)
2024-02-06 14:38:53,095 [INFO] PluginManage:310 - Check plugin updater
2024-02-06 14:38:53,100 [INFO] PluginManage:359 - Loaded plugin updater (category:base,tabindex:12)
2024-02-06 14:38:53,100 [INFO] PluginManage:310 - Check plugin userauth
2024-02-06 14:38:53,104 [INFO] UserAuth:114 - Init User Auth plugin
2024-02-06 14:38:53,104 [INFO] PluginManage:359 - Loaded plugin userauth (category:base,tabindex:14)
2024-02-06 14:38:53,104 [INFO] PluginManage:283 - PluginManage : Loaded plugins [17]
2024-02-06 14:38:53,207 [INFO] PinOutPanel:1499 - setPackage(No Configuration,No Configuration)
2024-02-06 14:38:53,242 [INFO] CADModel:165 - CPN selected for project level
2024-02-06 14:38:53,242 [INFO] CADModel:114 - Register for checkConnection events
2024-02-06 14:38:53,248 [INFO] IPUIPlugin:80 - create IPUIPlugin
2024-02-06 14:38:53,248 [INFO] PluginManager:220 - loadIPPluginJar : add gtzc
2024-02-06 14:38:53,251 [INFO] IPUIPlugin:80 - create IPUIPlugin
2024-02-06 14:38:53,251 [INFO] PluginManager:220 - loadIPPluginJar : add lorawan
2024-02-06 14:38:53,252 [INFO] IPUIPlugin:80 - create IPUIPlugin
2024-02-06 14:38:53,252 [INFO] PluginManager:220 - loadIPPluginJar : add quadspi
2024-02-06 14:38:53,254 [INFO] IPUIPlugin:80 - create IPUIPlugin
2024-02-06 14:38:53,254 [INFO] PluginManager:220 - loadIPPluginJar : add i2c
2024-02-06 14:38:53,256 [INFO] IPUIPlugin:80 - create IPUIPlugin
2024-02-06 14:38:53,256 [INFO] PluginManager:220 - loadIPPluginJar : add sai
2024-02-06 14:38:53,257 [INFO] IPUIPlugin:80 - create IPUIPlugin
2024-02-06 14:38:53,257 [INFO] PluginManager:220 - loadIPPluginJar : add tim
2024-02-06 14:38:53,258 [INFO] IPUIPlugin:80 - create IPUIPlugin
2024-02-06 14:38:53,258 [INFO] PluginManager:220 - loadIPPluginJar : add comp
2024-02-06 14:38:53,261 [INFO] IPUIPlugin:80 - create IPUIPlugin
2024-02-06 14:38:53,262 [INFO] PluginManager:220 - loadIPPluginJar : add mdma
2024-02-06 14:38:53,264 [INFO] IPUIPlugin:80 - create IPUIPlugin
2024-02-06 14:38:53,264 [INFO] PluginManager:220 - loadIPPluginJar : add gpio
2024-02-06 14:38:53,267 [INFO] IPUIPlugin:80 - create IPUIPlugin
2024-02-06 14:38:53,267 [INFO] PluginManager:220 - loadIPPluginJar : add freertos
2024-02-06 14:38:53,268 [INFO] IPUIPlugin:80 - create IPUIPlugin
2024-02-06 14:38:53,269 [INFO] PluginManager:220 - loadIPPluginJar : add spi
2024-02-06 14:38:53,272 [INFO] IPUIPlugin:80 - create IPUIPlugin
2024-02-06 14:38:53,272 [INFO] PluginManager:220 - loadIPPluginJar : add fmc
2024-02-06 14:38:53,273 [INFO] IPUIPlugin:80 - create IPUIPlugin
2024-02-06 14:38:53,273 [INFO] PluginManager:220 - loadIPPluginJar : add openamp
2024-02-06 14:38:53,274 [INFO] IPUIPlugin:80 - create IPUIPlugin
2024-02-06 14:38:53,274 [INFO] PluginManager:220 - loadIPPluginJar : add tracer_emb
2024-02-06 14:38:53,275 [INFO] IPUIPlugin:80 - create IPUIPlugin
2024-02-06 14:38:53,276 [INFO] PluginManager:220 - loadIPPluginJar : add dma3
2024-02-06 14:38:53,277 [INFO] IPUIPlugin:80 - create IPUIPlugin
2024-02-06 14:38:53,277 [INFO] PluginManager:220 - loadIPPluginJar : add i3c
2024-02-06 14:38:53,278 [INFO] IPUIPlugin:80 - create IPUIPlugin
2024-02-06 14:38:53,278 [INFO] PluginManager:220 - loadIPPluginJar : add i2s
2024-02-06 14:38:53,279 [INFO] IPUIPlugin:80 - create IPUIPlugin
2024-02-06 14:38:53,279 [INFO] PluginManager:220 - loadIPPluginJar : add aes
2024-02-06 14:38:53,281 [INFO] IPUIPlugin:80 - create IPUIPlugin
2024-02-06 14:38:53,281 [INFO] PluginManager:220 - loadIPPluginJar : add usbx
2024-02-06 14:38:53,283 [INFO] IPUIPlugin:80 - create IPUIPlugin
2024-02-06 14:38:53,283 [INFO] PluginManager:220 - loadIPPluginJar : add stm32_wpan
2024-02-06 14:38:53,284 [INFO] IPUIPlugin:80 - create IPUIPlugin
2024-02-06 14:38:53,284 [INFO] PluginManager:220 - loadIPPluginJar : add tsc
2024-02-06 14:38:53,285 [INFO] IPUIPlugin:80 - create IPUIPlugin
2024-02-06 14:38:53,285 [INFO] PluginManager:220 - loadIPPluginJar : add nvic
2024-02-06 14:38:53,286 [INFO] IPUIPlugin:80 - create IPUIPlugin
2024-02-06 14:38:53,287 [INFO] PluginManager:220 - loadIPPluginJar : add ipddr
2024-02-06 14:38:53,288 [INFO] IPUIPlugin:80 - create IPUIPlugin
2024-02-06 14:38:53,288 [INFO] PluginManager:220 - loadIPPluginJar : add cryp
2024-02-06 14:38:53,288 [INFO] IPUIPlugin:80 - create IPUIPlugin
2024-02-06 14:38:53,289 [INFO] PluginManager:220 - loadIPPluginJar : add genericplugin
2024-02-06 14:38:53,291 [INFO] IPUIPlugin:80 - create IPUIPlugin
2024-02-06 14:38:53,291 [INFO] PluginManager:220 - loadIPPluginJar : add gic
2024-02-06 14:38:53,293 [INFO] IPUIPlugin:80 - create IPUIPlugin
2024-02-06 14:38:53,293 [INFO] PluginManager:220 - loadIPPluginJar : add pdm2pcm
2024-02-06 14:38:53,293 [INFO] IPUIPlugin:80 - create IPUIPlugin
2024-02-06 14:38:53,293 [INFO] PluginManager:220 - loadIPPluginJar : add ucpd
2024-02-06 14:38:53,296 [INFO] IPUIPlugin:80 - create IPUIPlugin
2024-02-06 14:38:53,296 [INFO] PluginManager:220 - loadIPPluginJar : add dma
2024-02-06 14:38:53,297 [INFO] IPUIPlugin:80 - create IPUIPlugin
2024-02-06 14:38:53,297 [INFO] PluginManager:220 - loadIPPluginJar : add gfxmmu
2024-02-06 14:38:53,298 [INFO] IPUIPlugin:80 - create IPUIPlugin
2024-02-06 14:38:53,298 [INFO] PluginManager:220 - loadIPPluginJar : add can
2024-02-06 14:38:53,301 [INFO] IPUIPlugin:80 - create IPUIPlugin
2024-02-06 14:38:53,301 [INFO] PluginManager:220 - loadIPPluginJar : add adc
2024-02-06 14:38:53,302 [INFO] IPUIPlugin:80 - create IPUIPlugin
2024-02-06 14:38:53,302 [INFO] PluginManager:220 - loadIPPluginJar : add opamp
2024-02-06 14:38:53,304 [INFO] IPUIPlugin:80 - create IPUIPlugin
2024-02-06 14:38:53,304 [INFO] PluginManager:220 - loadIPPluginJar : add touchsensing
2024-02-06 14:38:53,304 [INFO] IPUIPlugin:80 - create IPUIPlugin
2024-02-06 14:38:53,304 [INFO] PluginManager:220 - loadIPPluginJar : add ltdc
2024-02-06 14:38:53,305 [INFO] IPUIPlugin:80 - create IPUIPlugin
2024-02-06 14:38:53,305 [INFO] PluginManager:220 - loadIPPluginJar : add usart
2024-02-06 14:38:53,309 [INFO] IPUIPlugin:80 - create IPUIPlugin
2024-02-06 14:38:53,310 [INFO] PluginManager:220 - loadIPPluginJar : add plateformsettings
2024-02-06 14:38:53,311 [INFO] IPUIPlugin:80 - create IPUIPlugin
2024-02-06 14:38:53,312 [INFO] PluginManager:220 - loadIPPluginJar : add ts
2024-02-06 14:38:53,312 [INFO] IPUIPlugin:80 - create IPUIPlugin
2024-02-06 14:38:53,312 [INFO] PluginManager:220 - loadIPPluginJar : add fatfs
2024-02-06 14:38:53,316 [INFO] IPUIPlugin:80 - create IPUIPlugin
2024-02-06 14:38:53,317 [INFO] PluginManager:220 - loadIPPluginJar : add linkedlist
2024-02-06 14:38:53,318 [INFO] IPUIPlugin:80 - create IPUIPlugin
2024-02-06 14:38:53,318 [INFO] PluginManager:220 - loadIPPluginJar : add resmgrutility
2024-02-06 14:38:53,320 [INFO] IPUIPlugin:80 - create IPUIPlugin
2024-02-06 14:38:53,320 [INFO] PluginManager:220 - loadIPPluginJar : add hash
2024-02-06 14:38:53,321 [INFO] IPUIPlugin:80 - create IPUIPlugin
2024-02-06 14:38:53,321 [INFO] PluginManager:220 - loadIPPluginJar : add dfsdm
2024-02-06 14:38:53,412 [INFO] CADModel:165 - CPN selected for project level
2024-02-06 14:38:53,412 [INFO] CADModel:114 - Register for checkConnection events
2024-02-06 14:38:53,413 [FATAL] Updater:308 - Updater called before beeing initialized
2024-02-06 14:38:53,413 [ERROR] CADModel:125 - Updater not yet initialized, retry later 
2024-02-06 14:38:53,492 [INFO] CADModel:165 - CPN selected for project level
2024-02-06 14:38:53,492 [INFO] CADModel:114 - Register for checkConnection events
2024-02-06 14:38:53,492 [FATAL] Updater:308 - Updater called before beeing initialized
2024-02-06 14:38:53,492 [ERROR] CADModel:125 - Updater not yet initialized, retry later 
2024-02-06 14:38:53,494 [FATAL] Updater:308 - Updater called before beeing initialized
2024-02-06 14:38:53,564 [FATAL] Updater:308 - Updater called before beeing initialized
2024-02-06 14:38:53,568 [INFO] DbMcusAds:53 - JSON generation date=Wed Nov 29 16:22:27 IST 2023 (1701255147349)
2024-02-06 14:38:53,568 [FATAL] Updater:308 - Updater called before beeing initialized
2024-02-06 14:38:53,599 [WARN] DetailPanel:346 - Failed to get advertising image, set to default
2024-02-06 14:38:53,664 [FATAL] Updater:308 - Updater called before beeing initialized
2024-02-06 14:38:53,665 [FATAL] Updater:308 - Updater called before beeing initialized
2024-02-06 14:38:53,665 [FATAL] Updater:308 - Updater called before beeing initialized
2024-02-06 14:38:53,665 [WARN] DetailPanel:346 - Failed to get advertising image, set to default
2024-02-06 14:38:53,665 [FATAL] Updater:308 - Updater called before beeing initialized
2024-02-06 14:38:53,694 [ERROR] Updater:1120 - MainUpdater not yet initialized. External WinMGr cannot be set.
2024-02-06 14:38:53,696 [INFO] Updater:1056 - Updater Version found : 6.10.0
2024-02-06 14:38:53,710 [INFO] ApplicationProperties:184 - Using Application install path: /opt/st/stm32cubeide_1.14.0/plugins/com.st.stm32cube.common.mx_6.10.0.202311202037
2024-02-06 14:38:53,722 [ERROR] LogOutputStream:75 - [STDERR_REDIRECT] Feb 06, 2024 2:38:53 PM java.util.prefs.FileSystemPreferences$2 run
2024-02-06 14:38:53,723 [ERROR] LogOutputStream:75 - [STDERR_REDIRECT] WARNING: Could not create system preferences directory. System preferences are unusable.
2024-02-06 14:38:53,723 [ERROR] LogOutputStream:75 - [STDERR_REDIRECT] 
2024-02-06 14:38:54,005 [INFO] MainUpdater:2873 - connection check result : 10
2024-02-06 14:38:54,005 [INFO] MainUpdater:290 - Updater Check For Update Now.
2024-02-06 14:38:54,006 [INFO] MicroXplorer:498 - Change Database Version : DB.6.0.100
2024-02-06 14:38:54,009 [INFO] McuFinderGlobals:63 - Set McuFinder mode to 2 (CubeIDE integrated)
2024-02-06 14:38:54,109 [INFO] UserAuth:404 - Internet connection configuration mode: 1
2024-02-06 14:38:54,116 [INFO] JxBrowserEngine:152 - Initiate JxBrowser Engine with user profile folder
2024-02-06 14:38:54,159 [INFO] CheckServerUpdateThread:120 - End of CheckServer Thread
2024-02-06 14:38:54,506 [INFO] WebApp:161 - Instantiating new browser for Auth
2024-02-06 14:38:54,778 [INFO] WebApp:780 - Register for checkConnection events
2024-02-06 14:38:54,779 [INFO] WebApp:414 - Apply proxy settings
2024-02-06 14:38:54,779 [INFO] WebApp:499 - Chromium requires no authentication
2024-02-06 14:38:54,783 [INFO] WebApp:442 - Direct internet connection detected
2024-02-06 14:38:54,860 [INFO] WebApp:192 - Starting web application
2024-02-06 14:38:54,860 [INFO] WebApp:544 - Web application path used /opt/st/stm32cubeide_1.14.0/plugins/com.st.stm32cube.common.mx_6.10.0.202311202037/db/plugins/mcufinder/reactClient1/index.html
2024-02-06 14:38:56,079 [WARN] PackLoader:240 - Cannot read IP mode file for STMicroelectronics.X-CUBE-SMBUS.2.1.0
2024-02-06 14:38:56,118 [WARN] PackLoader:240 - Cannot read IP mode file for STMicroelectronics.X-CUBE-AZRTOS-F7.1.1.0
2024-02-06 14:38:56,131 [WARN] PackLoader:240 - Cannot read IP mode file for STMicroelectronics.FP-SNS-MOTENV1.4.3.2
2024-02-06 14:38:56,138 [WARN] PackLoader:240 - Cannot read IP mode file for STMicroelectronics.FP-SNS-FLIGHT1.5.0.2
2024-02-06 14:38:56,148 [WARN] PackLoader:240 - Cannot read IP mode file for STMicroelectronics.X-CUBE-DISPLAY.3.0.0
2024-02-06 14:38:56,162 [WARN] PackLoader:240 - Cannot read IP mode file for STMicroelectronics.X-CUBE-BLE1.7.0.0
2024-02-06 14:38:56,169 [WARN] PackLoader:240 - Cannot read IP mode file for STMicroelectronics.FP-SNS-SMARTAG2.1.2.0
2024-02-06 14:38:56,183 [INFO] LogOutputStream:77 - [STDOUT_REDIRECT] 1 : Invalid condition id : UX_CORESTACK_Condition cause : null
2024-02-06 14:38:56,184 [INFO] LogOutputStream:77 - [STDOUT_REDIRECT] 1 : Invalid condition id : UX_CORESTACK_Condition cause : null
2024-02-06 14:38:56,185 [INFO] LogOutputStream:77 - [STDOUT_REDIRECT] 1 : Invalid condition id : UX_CORESTACK_Condition cause : null
2024-02-06 14:38:56,185 [INFO] LogOutputStream:77 - [STDOUT_REDIRECT] 1 : Invalid condition id : UX_CORESTACK_Condition cause : null
2024-02-06 14:38:56,185 [INFO] LogOutputStream:77 - [STDOUT_REDIRECT] 1 : Invalid condition id : UX_CORESTACK_Condition cause : null
2024-02-06 14:38:56,192 [WARN] PackLoader:240 - Cannot read IP mode file for STMicroelectronics.X-CUBE-AZRTOS-WL.2.0.0
2024-02-06 14:38:56,201 [WARN] PackLoader:240 - Cannot read IP mode file for WES.I-CUBE-Cesium.1.3.0
2024-02-06 14:38:56,206 [WARN] PackLoader:240 - Cannot read IP mode file for STMicroelectronics.X-CUBE-BLE2.3.3.0
2024-02-06 14:38:56,212 [WARN] PackLoader:240 - Cannot read IP mode file for STMicroelectronics.X-CUBE-ALGOBUILD.1.3.0
2024-02-06 14:38:56,232 [WARN] PackLoader:240 - Cannot read IP mode file for STMicroelectronics.X-CUBE-AZRTOS-G0.1.1.0
2024-02-06 14:38:56,240 [WARN] PackLoader:240 - Cannot read IP mode file for STMicroelectronics.X-CUBE-NFC4.3.0.0
2024-02-06 14:38:56,251 [WARN] PackLoader:240 - Cannot read IP mode file for STMicroelectronics.X-CUBE-BLEMGR.3.0.0
2024-02-06 14:38:56,257 [WARN] PackLoader:240 - Cannot read IP mode file for STMicroelectronics.FP-ATR-SIGFOX1.3.2.0
2024-02-06 14:38:56,317 [WARN] PackLoader:240 - Cannot read IP mode file for SEGGER.I-CUBE-embOS.1.3.1
2024-02-06 14:38:56,345 [WARN] PackLoader:240 - Cannot read IP mode file for STMicroelectronics.X-CUBE-GNSS1.6.0.0
2024-02-06 14:38:56,355 [WARN] PackLoader:240 - Cannot read IP mode file for STMicroelectronics.X-CUBE-AZRTOS-F4.1.1.0
2024-02-06 14:38:56,367 [WARN] PackLoader:240 - Cannot read IP mode file for STMicroelectronics.X-CUBE-AZRTOS-L5.2.0.0
2024-02-06 14:38:56,371 [WARN] PackLoader:240 - Cannot read IP mode file for STMicroelectronics.X-CUBE-NFC7.1.0.1
2024-02-06 14:38:56,377 [WARN] PackLoader:240 - Cannot read IP mode file for STMicroelectronics.X-CUBE-NFC6.3.0.0
2024-02-06 14:38:56,380 [WARN] PackLoader:240 - Cannot read IP mode file for STMicroelectronics.X-CUBE-AI.8.1.0
2024-02-06 14:38:56,391 [WARN] ConditionMgr:438 - getConditionDescription Invalid condition id : LAN8742 Phy interface Condition cause : null
2024-02-06 14:38:56,392 [WARN] PackLoader:240 - Cannot read IP mode file for STMicroelectronics.X-CUBE-AZRTOS-L4.2.0.0
2024-02-06 14:38:56,393 [WARN] ConditionMgr:1039 - genDependencies : Invalid condition id : LAN8742 Phy interface Condition cause : null
2024-02-06 14:38:56,393 [WARN] ConditionMgr:1039 - genDependencies : Invalid condition id : LAN8742 Phy interface Condition cause : null
2024-02-06 14:38:56,393 [WARN] ConditionMgr:1039 - genDependencies : Invalid condition id : LAN8742 Phy interface Condition cause : null
2024-02-06 14:38:56,398 [WARN] PackLoader:240 - Cannot read IP mode file for STMicroelectronics.X-CUBE-SFXS2LP1.4.0.0
2024-02-06 14:38:56,406 [WARN] ConditionMgr:438 - getConditionDescription Invalid condition id : UX DEVICE CLASS RTOS Condition cause : null
2024-02-06 14:38:56,406 [WARN] ConditionMgr:438 - getConditionDescription Invalid condition id : UX DEVICE CLASS RTOS Condition cause : null
2024-02-06 14:38:56,408 [WARN] PackLoader:240 - Cannot read IP mode file for STMicroelectronics.X-CUBE-AZRTOS-WB.2.0.0
2024-02-06 14:38:56,409 [WARN] ConditionMgr:1039 - genDependencies : Invalid condition id : UX DEVICE CLASS RTOS Condition cause : null
2024-02-06 14:38:56,409 [WARN] ConditionMgr:1039 - genDependencies : Invalid condition id : UX DEVICE CLASS RTOS Condition cause : null
2024-02-06 14:38:56,409 [WARN] ConditionMgr:1039 - genDependencies : Invalid condition id : UX DEVICE CLASS RTOS Condition cause : null
2024-02-06 14:38:56,409 [WARN] ConditionMgr:1039 - genDependencies : Invalid condition id : UX DEVICE CLASS RTOS Condition cause : null
2024-02-06 14:38:56,409 [WARN] ConditionMgr:1039 - genDependencies : Invalid condition id : UX DEVICE CLASS RTOS Condition cause : null
2024-02-06 14:38:56,415 [WARN] PackLoader:240 - Cannot read IP mode file for STMicroelectronics.X-CUBE-SUBG2.5.0.0
2024-02-06 14:38:56,429 [WARN] PackLoader:240 - Cannot read IP mode file for STMicroelectronics.X-CUBE-AZRTOS-G4.2.0.0
2024-02-06 14:38:56,436 [WARN] PackLoader:240 - Cannot read IP mode file for Infineon.AIROC-Wi-Fi-Bluetooth-STM32.1.5.1
2024-02-06 14:38:56,464 [WARN] PackLoader:240 - Cannot read IP mode file for STMicroelectronics.X-CUBE-MEMS1.10.0.0
2024-02-06 14:38:56,585 [WARN] PackLoader:240 - Cannot read IP mode file for STMicroelectronics.X-CUBE-FREERTOS.1.1.0
2024-02-06 14:38:56,589 [WARN] PackLoader:240 - Cannot read IP mode file for portGmbH.I-Cube-SoM-uGOAL.1.1.0
2024-02-06 14:38:56,591 [WARN] PackLoader:240 - Cannot read IP mode file for STMicroelectronics.X-CUBE-ALS.1.0.1
2024-02-06 14:38:56,593 [WARN] PackLoader:240 - Cannot read IP mode file for STMicroelectronics.FP-ATR-ASTRA1.2.0.0
2024-02-06 14:38:56,594 [INFO] ThirdParty:978 - Integrity check success = true
2024-02-06 14:38:56,594 [INFO] IntegrityCheckThread:100 - exiting critical section [integrity check]
2024-02-06 14:38:56,594 [INFO] IntegrityCheckThread:103 - End integrity checks thread
